{"C:\\PROJECT\\DISTRIBUTED TASK QUEUE SYSTEM\\frontend\\src\\App.tsx": {"path":"C:\\PROJECT\\DISTRIBUTED TASK QUEUE SYSTEM\\frontend\\src\\App.tsx","statementMap":{"0":{"start":{"line":1,"column":0},"end":{"line":1,"column":74}},"1":{"start":{"line":2,"column":0},"end":{"line":2,"column":53}},"2":{"start":{"line":3,"column":0},"end":{"line":3,"column":57}},"3":{"start":{"line":4,"column":0},"end":{"line":4,"column":55}},"4":{"start":{"line":5,"column":0},"end":{"line":5,"column":41}},"5":{"start":{"line":6,"column":0},"end":{"line":6,"column":42}},"6":{"start":{"line":7,"column":0},"end":{"line":7,"column":50}},"7":{"start":{"line":8,"column":0},"end":{"line":8,"column":42}},"8":{"start":{"line":9,"column":0},"end":{"line":9,"column":60}},"9":{"start":{"line":10,"column":0},"end":{"line":10,"column":64}},"10":{"start":{"line":11,"column":0},"end":{"line":11,"column":64}},"11":{"start":{"line":12,"column":0},"end":{"line":12,"column":60}},"12":{"start":{"line":13,"column":0},"end":{"line":13,"column":64}},"13":{"start":{"line":14,"column":0},"end":{"line":14,"column":21}},"14":{"start":{"line":17,"column":2},"end":{"line":65,"column":4}},"15":{"start":{"line":68,"column":0},"end":{"line":68,"column":19}}},"fnMap":{"0":{"name":"App","decl":{"start":{"line":16,"column":9},"end":{"line":16,"column":12}},"loc":{"start":{"line":16,"column":12},"end":{"line":66,"column":1}}}},"branchMap":{},"s":{"0":0,"1":0,"2":0,"3":0,"4":0,"5":0,"6":0,"7":0,"8":0,"9":0,"10":0,"11":0,"12":0,"13":0,"14":0,"15":0},"f":{"0":0},"b":{}}
,"C:\\PROJECT\\DISTRIBUTED TASK QUEUE SYSTEM\\frontend\\src\\components\\ChartsSection.tsx": {"path":"C:\\PROJECT\\DISTRIBUTED TASK QUEUE SYSTEM\\frontend\\src\\components\\ChartsSection.tsx","statementMap":{"0":{"start":{"line":1,"column":0},"end":{"line":1,"column":26}},"1":{"start":{"line":2,"column":0},"end":{"line":2,"column":null}},"2":{"start":{"line":23,"column":52},"end":{"line":178,"column":1}},"3":{"start":{"line":27,"column":2},"end":{"line":177,"column":4}},"4":{"start":{"line":180,"column":0},"end":{"line":180,"column":29}}},"fnMap":{"0":{"name":"(anonymous_1)","decl":{"start":{"line":23,"column":52},"end":{"line":23,"column":53}},"loc":{"start":{"line":26,"column":5},"end":{"line":178,"column":1}}}},"branchMap":{},"s":{"0":0,"1":0,"2":0,"3":0,"4":0},"f":{"0":0},"b":{}}
,"C:\\PROJECT\\DISTRIBUTED TASK QUEUE SYSTEM\\frontend\\src\\components\\ErrorBoundary.tsx": {"path":"C:\\PROJECT\\DISTRIBUTED TASK QUEUE SYSTEM\\frontend\\src\\components\\ErrorBoundary.tsx","statementMap":{"0":{"start":{"line":1,"column":0},"end":{"line":1,"column":34}},"1":{"start":{"line":15,"column":4},"end":{"line":15,"column":17}},"2":{"start":{"line":16,"column":4},"end":{"line":16,"column":37}},"3":{"start":{"line":20,"column":4},"end":{"line":20,"column":37}},"4":{"start":{"line":24,"column":4},"end":{"line":24,"column":65}},"5":{"start":{"line":28,"column":4},"end":{"line":72,"column":5}},"6":{"start":{"line":29,"column":6},"end":{"line":71,"column":8}},"7":{"start":{"line":63,"column":31},"end":{"line":63,"column":55}},"8":{"start":{"line":74,"column":4},"end":{"line":74,"column":31}},"9":{"start":{"line":78,"column":0},"end":{"line":78,"column":29}}},"fnMap":{"0":{"name":"(anonymous_0)","decl":{"start":{"line":14,"column":2},"end":{"line":14,"column":14}},"loc":{"start":{"line":14,"column":26},"end":{"line":17,"column":3}}},"1":{"name":"(anonymous_1)","decl":{"start":{"line":19,"column":2},"end":{"line":19,"column":8}},"loc":{"start":{"line":19,"column":46},"end":{"line":21,"column":3}}},"2":{"name":"(anonymous_2)","decl":{"start":{"line":23,"column":2},"end":{"line":23,"column":19}},"loc":{"start":{"line":23,"column":54},"end":{"line":25,"column":3}}},"3":{"name":"(anonymous_3)","decl":{"start":{"line":27,"column":2},"end":{"line":27,"column":8}},"loc":{"start":{"line":27,"column":8},"end":{"line":75,"column":3}}},"4":{"name":"(anonymous_4)","decl":{"start":{"line":63,"column":25},"end":{"line":63,"column":28}},"loc":{"start":{"line":63,"column":31},"end":{"line":63,"column":55}}}},"branchMap":{"0":{"loc":{"start":{"line":28,"column":4},"end":{"line":72,"column":5}},"type":"if","locations":[{"start":{"line":28,"column":4},"end":{"line":72,"column":5}},{"start":{},"end":{}}]},"1":{"loc":{"start":{"line":55,"column":15},"end":{"line":60,"column":null}},"type":"binary-expr","locations":[{"start":{"line":55,"column":15},"end":{"line":55,"column":31}},{"start":{"line":56,"column":16},"end":{"line":59,"column":null}}]}},"s":{"0":0,"1":0,"2":0,"3":0,"4":0,"5":0,"6":0,"7":0,"8":0,"9":0},"f":{"0":0,"1":0,"2":0,"3":0,"4":0},"b":{"0":[0,0],"1":[0,0]}}
,"C:\\PROJECT\\DISTRIBUTED TASK QUEUE SYSTEM\\frontend\\src\\components\\Layout.tsx": {"path":"C:\\PROJECT\\DISTRIBUTED TASK QUEUE SYSTEM\\frontend\\src\\components\\Layout.tsx","statementMap":{"0":{"start":{"line":1,"column":0},"end":{"line":1,"column":26}},"1":{"start":{"line":2,"column":0},"end":{"line":2,"column":61}},"2":{"start":{"line":3,"column":0},"end":{"line":3,"column":49}},"3":{"start":{"line":5,"column":25},"end":{"line":189,"column":1}},"4":{"start":{"line":6,"column":27},"end":{"line":6,"column":36}},"5":{"start":{"line":7,"column":19},"end":{"line":7,"column":32}},"6":{"start":{"line":9,"column":23},"end":{"line":12,"column":3}},"7":{"start":{"line":10,"column":4},"end":{"line":10,"column":13}},"8":{"start":{"line":11,"column":4},"end":{"line":11,"column":23}},"9":{"start":{"line":14,"column":2},"end":{"line":188,"column":4}},"10":{"start":{"line":191,"column":0},"end":{"line":191,"column":22}}},"fnMap":{"0":{"name":"(anonymous_1)","decl":{"start":{"line":5,"column":25},"end":{"line":5,"column":28}},"loc":{"start":{"line":5,"column":30},"end":{"line":189,"column":1}}},"1":{"name":"(anonymous_2)","decl":{"start":{"line":9,"column":23},"end":{"line":9,"column":26}},"loc":{"start":{"line":9,"column":28},"end":{"line":12,"column":3}}}},"branchMap":{},"s":{"0":0,"1":0,"2":0,"3":0,"4":0,"5":0,"6":0,"7":0,"8":0,"9":0,"10":0},"f":{"0":0,"1":0},"b":{}}
,"C:\\PROJECT\\DISTRIBUTED TASK QUEUE SYSTEM\\frontend\\src\\components\\MetricsCards.tsx": {"path":"C:\\PROJECT\\DISTRIBUTED TASK QUEUE SYSTEM\\frontend\\src\\components\\MetricsCards.tsx","statementMap":{"0":{"start":{"line":1,"column":0},"end":{"line":1,"column":26}},"1":{"start":{"line":2,"column":0},"end":{"line":2,"column":79}},"2":{"start":{"line":16,"column":46},"end":{"line":53,"column":1}},"3":{"start":{"line":24,"column":23},"end":{"line":31,"column":4}},"4":{"start":{"line":33,"column":2},"end":{"line":52,"column":4}},"5":{"start":{"line":68,"column":50},"end":{"line":120,"column":1}},"6":{"start":{"line":69,"column":2},"end":{"line":119,"column":4}},"7":{"start":{"line":122,"column":0},"end":{"line":122,"column":28}}},"fnMap":{"0":{"name":"(anonymous_1)","decl":{"start":{"line":16,"column":46},"end":{"line":16,"column":47}},"loc":{"start":{"line":23,"column":5},"end":{"line":53,"column":1}}},"1":{"name":"(anonymous_2)","decl":{"start":{"line":68,"column":50},"end":{"line":68,"column":51}},"loc":{"start":{"line":68,"column":66},"end":{"line":120,"column":1}}}},"branchMap":{"0":{"loc":{"start":{"line":37,"column":9},"end":{"line":43,"column":null}},"type":"binary-expr","locations":[{"start":{"line":37,"column":9},"end":{"line":37,"column":14}},{"start":{"line":38,"column":10},"end":{"line":42,"column":null}}]},"1":{"loc":{"start":{"line":39,"column":48},"end":{"line":39,"column":100}},"type":"cond-expr","locations":[{"start":{"line":39,"column":67},"end":{"line":39,"column":83}},{"start":{"line":39,"column":86},"end":{"line":39,"column":100}}]},"2":{"loc":{"start":{"line":41,"column":13},"end":{"line":41,"column":40}},"type":"cond-expr","locations":[{"start":{"line":41,"column":32},"end":{"line":41,"column":35}},{"start":{"line":41,"column":38},"end":{"line":41,"column":40}}]},"3":{"loc":{"start":{"line":49,"column":9},"end":{"line":49,"column":77}},"type":"binary-expr","locations":[{"start":{"line":49,"column":9},"end":{"line":49,"column":17}},{"start":{"line":49,"column":21},"end":{"line":49,"column":77}}]},"4":{"loc":{"start":{"line":92,"column":15},"end":{"line":92,"column":60}},"type":"cond-expr","locations":[{"start":{"line":92,"column":41},"end":{"line":92,"column":49}},{"start":{"line":92,"column":52},"end":{"line":92,"column":60}}]},"5":{"loc":{"start":{"line":100,"column":10},"end":{"line":103,"column":null}},"type":"cond-expr","locations":[{"start":{"line":101,"column":12},"end":{"line":101,"column":38}},{"start":{"line":103,"column":12},"end":{"line":103,"column":37}}]},"6":{"loc":{"start":{"line":107,"column":10},"end":{"line":111,"column":21}},"type":"cond-expr","locations":[{"start":{"line":108,"column":14},"end":{"line":108,"column":21}},{"start":{"line":109,"column":14},"end":{"line":111,"column":21}}]},"7":{"loc":{"start":{"line":109,"column":14},"end":{"line":111,"column":21}},"type":"cond-expr","locations":[{"start":{"line":110,"column":16},"end":{"line":110,"column":24}},{"start":{"line":111,"column":16},"end":{"line":111,"column":21}}]}},"s":{"0":1,"1":1,"2":1,"3":24,"4":24,"5":1,"6":6,"7":1},"f":{"0":24,"1":6},"b":{"0":[24,6],"1":[6,0],"2":[6,0],"3":[24,24],"4":[1,5],"5":[5,1],"6":[5,1],"7":[0,1]}}
,"C:\\PROJECT\\DISTRIBUTED TASK QUEUE SYSTEM\\frontend\\src\\components\\ProtectedRoute.tsx": {"path":"C:\\PROJECT\\DISTRIBUTED TASK QUEUE SYSTEM\\frontend\\src\\components\\ProtectedRoute.tsx","statementMap":{"0":{"start":{"line":1,"column":0},"end":{"line":1,"column":26}},"1":{"start":{"line":2,"column":0},"end":{"line":2,"column":44}},"2":{"start":{"line":3,"column":0},"end":{"line":3,"column":49}},"3":{"start":{"line":9,"column":54},"end":{"line":25,"column":1}},"4":{"start":{"line":10,"column":39},"end":{"line":10,"column":48}},"5":{"start":{"line":12,"column":2},"end":{"line":18,"column":3}},"6":{"start":{"line":13,"column":4},"end":{"line":17,"column":6}},"7":{"start":{"line":20,"column":2},"end":{"line":22,"column":3}},"8":{"start":{"line":21,"column":4},"end":{"line":21,"column":44}},"9":{"start":{"line":24,"column":2},"end":{"line":24,"column":25}},"10":{"start":{"line":27,"column":0},"end":{"line":27,"column":30}}},"fnMap":{"0":{"name":"(anonymous_1)","decl":{"start":{"line":9,"column":54},"end":{"line":9,"column":55}},"loc":{"start":{"line":9,"column":71},"end":{"line":25,"column":1}}}},"branchMap":{"0":{"loc":{"start":{"line":12,"column":2},"end":{"line":18,"column":3}},"type":"if","locations":[{"start":{"line":12,"column":2},"end":{"line":18,"column":3}},{"start":{},"end":{}}]},"1":{"loc":{"start":{"line":20,"column":2},"end":{"line":22,"column":3}},"type":"if","locations":[{"start":{"line":20,"column":2},"end":{"line":22,"column":3}},{"start":{},"end":{}}]}},"s":{"0":0,"1":0,"2":0,"3":0,"4":0,"5":0,"6":0,"7":0,"8":0,"9":0,"10":0},"f":{"0":0},"b":{"0":[0,0],"1":[0,0]}}
,"C:\\PROJECT\\DISTRIBUTED TASK QUEUE SYSTEM\\frontend\\src\\components\\RecentTasksList.tsx": {"path":"C:\\PROJECT\\DISTRIBUTED TASK QUEUE SYSTEM\\frontend\\src\\components\\RecentTasksList.tsx","statementMap":{"0":{"start":{"line":1,"column":0},"end":{"line":1,"column":26}},"1":{"start":{"line":2,"column":0},"end":{"line":2,"column":null}},"2":{"start":{"line":17,"column":56},"end":{"line":158,"column":1}},"3":{"start":{"line":21,"column":24},"end":{"line":36,"column":3}},"4":{"start":{"line":22,"column":4},"end":{"line":35,"column":5}},"5":{"start":{"line":24,"column":8},"end":{"line":24,"column":69}},"6":{"start":{"line":26,"column":8},"end":{"line":26,"column":62}},"7":{"start":{"line":28,"column":8},"end":{"line":28,"column":66}},"8":{"start":{"line":30,"column":8},"end":{"line":30,"column":67}},"9":{"start":{"line":32,"column":8},"end":{"line":32,"column":61}},"10":{"start":{"line":34,"column":8},"end":{"line":34,"column":69}},"11":{"start":{"line":38,"column":25},"end":{"line":54,"column":3}},"12":{"start":{"line":39,"column":20},"end":{"line":45,"column":6}},"13":{"start":{"line":47,"column":4},"end":{"line":53,"column":6}},"14":{"start":{"line":56,"column":27},"end":{"line":71,"column":3}},"15":{"start":{"line":57,"column":20},"end":{"line":62,"column":6}},"16":{"start":{"line":64,"column":4},"end":{"line":70,"column":6}},"17":{"start":{"line":73,"column":26},"end":{"line":85,"column":3}},"18":{"start":{"line":74,"column":17},"end":{"line":74,"column":36}},"19":{"start":{"line":75,"column":16},"end":{"line":75,"column":26}},"20":{"start":{"line":76,"column":19},"end":{"line":76,"column":49}},"21":{"start":{"line":77,"column":21},"end":{"line":77,"column":47}},"22":{"start":{"line":79,"column":4},"end":{"line":79,"column":40}},"23":{"start":{"line":79,"column":22},"end":{"line":79,"column":40}},"24":{"start":{"line":80,"column":4},"end":{"line":80,"column":49}},"25":{"start":{"line":80,"column":23},"end":{"line":80,"column":49}},"26":{"start":{"line":81,"column":22},"end":{"line":81,"column":47}},"27":{"start":{"line":82,"column":4},"end":{"line":82,"column":51}},"28":{"start":{"line":82,"column":24},"end":{"line":82,"column":51}},"29":{"start":{"line":83,"column":21},"end":{"line":83,"column":47}},"30":{"start":{"line":84,"column":4},"end":{"line":84,"column":30}},"31":{"start":{"line":87,"column":25},"end":{"line":93,"column":3}},"32":{"start":{"line":88,"column":4},"end":{"line":88,"column":30}},"33":{"start":{"line":88,"column":19},"end":{"line":88,"column":30}},"34":{"start":{"line":89,"column":4},"end":{"line":89,"column":45}},"35":{"start":{"line":89,"column":23},"end":{"line":89,"column":45}},"36":{"start":{"line":90,"column":17},"end":{"line":90,"column":42}},"37":{"start":{"line":91,"column":17},"end":{"line":91,"column":30}},"38":{"start":{"line":92,"column":4},"end":{"line":92,"column":31}},"39":{"start":{"line":95,"column":2},"end":{"line":157,"column":4}},"40":{"start":{"line":113,"column":12},"end":{"line":114,"column":null}},"41":{"start":{"line":115,"column":29},"end":{"line":115,"column":51}},"42":{"start":{"line":160,"column":0},"end":{"line":160,"column":31}}},"fnMap":{"0":{"name":"(anonymous_1)","decl":{"start":{"line":17,"column":56},"end":{"line":17,"column":57}},"loc":{"start":{"line":20,"column":5},"end":{"line":158,"column":1}}},"1":{"name":"(anonymous_2)","decl":{"start":{"line":21,"column":24},"end":{"line":21,"column":25}},"loc":{"start":{"line":21,"column":57},"end":{"line":36,"column":3}}},"2":{"name":"(anonymous_3)","decl":{"start":{"line":38,"column":25},"end":{"line":38,"column":26}},"loc":{"start":{"line":38,"column":58},"end":{"line":54,"column":3}}},"3":{"name":"(anonymous_4)","decl":{"start":{"line":56,"column":27},"end":{"line":56,"column":28}},"loc":{"start":{"line":56,"column":64},"end":{"line":71,"column":3}}},"4":{"name":"(anonymous_5)","decl":{"start":{"line":73,"column":26},"end":{"line":73,"column":27}},"loc":{"start":{"line":73,"column":48},"end":{"line":85,"column":3}}},"5":{"name":"(anonymous_6)","decl":{"start":{"line":87,"column":25},"end":{"line":87,"column":26}},"loc":{"start":{"line":87,"column":47},"end":{"line":93,"column":3}}},"6":{"name":"(anonymous_7)","decl":{"start":{"line":112,"column":20},"end":{"line":112,"column":21}},"loc":{"start":{"line":113,"column":12},"end":{"line":114,"column":null}}},"7":{"name":"(anonymous_8)","decl":{"start":{"line":115,"column":23},"end":{"line":115,"column":26}},"loc":{"start":{"line":115,"column":29},"end":{"line":115,"column":51}}}},"branchMap":{"0":{"loc":{"start":{"line":22,"column":4},"end":{"line":35,"column":5}},"type":"switch","locations":[{"start":{"line":23,"column":6},"end":{"line":24,"column":69}},{"start":{"line":25,"column":6},"end":{"line":26,"column":62}},{"start":{"line":27,"column":6},"end":{"line":28,"column":66}},{"start":{"line":29,"column":6},"end":{"line":30,"column":67}},{"start":{"line":31,"column":6},"end":{"line":32,"column":61}},{"start":{"line":33,"column":6},"end":{"line":34,"column":69}}]},"1":{"loc":{"start":{"line":79,"column":4},"end":{"line":79,"column":40}},"type":"if","locations":[{"start":{"line":79,"column":4},"end":{"line":79,"column":40}},{"start":{},"end":{}}]},"2":{"loc":{"start":{"line":80,"column":4},"end":{"line":80,"column":49}},"type":"if","locations":[{"start":{"line":80,"column":4},"end":{"line":80,"column":49}},{"start":{},"end":{}}]},"3":{"loc":{"start":{"line":82,"column":4},"end":{"line":82,"column":51}},"type":"if","locations":[{"start":{"line":82,"column":4},"end":{"line":82,"column":51}},{"start":{},"end":{}}]},"4":{"loc":{"start":{"line":88,"column":4},"end":{"line":88,"column":30}},"type":"if","locations":[{"start":{"line":88,"column":4},"end":{"line":88,"column":30}},{"start":{},"end":{}}]},"5":{"loc":{"start":{"line":89,"column":4},"end":{"line":89,"column":45}},"type":"if","locations":[{"start":{"line":89,"column":4},"end":{"line":89,"column":45}},{"start":{},"end":{}}]},"6":{"loc":{"start":{"line":107,"column":9},"end":{"line":145,"column":null}},"type":"cond-expr","locations":[{"start":{"line":108,"column":10},"end":{"line":108,"column":null}},{"start":{"line":112,"column":10},"end":{"line":145,"column":12}}]},"7":{"loc":{"start":{"line":130,"column":23},"end":{"line":133,"column":null}},"type":"binary-expr","locations":[{"start":{"line":130,"column":23},"end":{"line":130,"column":34}},{"start":{"line":131,"column":24},"end":{"line":132,"column":null}}]},"8":{"loc":{"start":{"line":136,"column":23},"end":{"line":137,"column":null}},"type":"binary-expr","locations":[{"start":{"line":136,"column":23},"end":{"line":136,"column":36}},{"start":{"line":137,"column":24},"end":{"line":137,"column":78}}]},"9":{"loc":{"start":{"line":149,"column":7},"end":{"line":154,"column":null}},"type":"binary-expr","locations":[{"start":{"line":149,"column":7},"end":{"line":149,"column":23}},{"start":{"line":150,"column":8},"end":{"line":153,"column":null}}]}},"s":{"0":1,"1":1,"2":1,"3":8,"4":21,"5":7,"6":7,"7":7,"8":0,"9":0,"10":0,"11":8,"12":21,"13":21,"14":8,"15":21,"16":21,"17":8,"18":21,"19":21,"20":21,"21":21,"22":21,"23":0,"24":21,"25":21,"26":0,"27":0,"28":0,"29":0,"30":0,"31":8,"32":14,"33":0,"34":14,"35":7,"36":7,"37":7,"38":7,"39":8,"40":21,"41":1,"42":1},"f":{"0":8,"1":21,"2":21,"3":21,"4":21,"5":14,"6":21,"7":1},"b":{"0":[7,7,7,0,0,0],"1":[0,21],"2":[21,0],"3":[0,0],"4":[0,14],"5":[7,7],"6":[1,7],"7":[21,7],"8":[21,14],"9":[8,7]}}
,"C:\\PROJECT\\DISTRIBUTED TASK QUEUE SYSTEM\\frontend\\src\\context\\AuthContext.tsx": {"path":"C:\\PROJECT\\DISTRIBUTED TASK QUEUE SYSTEM\\frontend\\src\\context\\AuthContext.tsx","statementMap":{"0":{"start":{"line":1,"column":0},"end":{"line":1,"column":null}},"1":{"start":{"line":10,"column":0},"end":{"line":10,"column":40}},"2":{"start":{"line":20,"column":20},"end":{"line":20,"column":73}},"3":{"start":{"line":22,"column":57},"end":{"line":74,"column":1}},"4":{"start":{"line":23,"column":26},"end":{"line":23,"column":53}},"5":{"start":{"line":24,"column":32},"end":{"line":24,"column":46}},"6":{"start":{"line":26,"column":2},"end":{"line":44,"column":9}},"7":{"start":{"line":28,"column":27},"end":{"line":42,"column":5}},"8":{"start":{"line":29,"column":20},"end":{"line":29,"column":56}},"9":{"start":{"line":30,"column":24},"end":{"line":30,"column":52}},"10":{"start":{"line":32,"column":6},"end":{"line":40,"column":7}},"11":{"start":{"line":33,"column":8},"end":{"line":39,"column":9}},"12":{"start":{"line":34,"column":10},"end":{"line":34,"column":41}},"13":{"start":{"line":36,"column":10},"end":{"line":36,"column":62}},"14":{"start":{"line":37,"column":10},"end":{"line":37,"column":50}},"15":{"start":{"line":38,"column":10},"end":{"line":38,"column":42}},"16":{"start":{"line":41,"column":6},"end":{"line":41,"column":24}},"17":{"start":{"line":43,"column":4},"end":{"line":43,"column":21}},"18":{"start":{"line":46,"column":16},"end":{"line":57,"column":3}},"19":{"start":{"line":47,"column":4},"end":{"line":56,"column":5}},"20":{"start":{"line":48,"column":38},"end":{"line":48,"column":79}},"21":{"start":{"line":50,"column":6},"end":{"line":50,"column":66}},"22":{"start":{"line":51,"column":6},"end":{"line":51,"column":66}},"23":{"start":{"line":52,"column":6},"end":{"line":52,"column":29}},"24":{"start":{"line":54,"column":6},"end":{"line":54,"column":44}},"25":{"start":{"line":55,"column":6},"end":{"line":55,"column":18}},"26":{"start":{"line":59,"column":17},"end":{"line":63,"column":3}},"27":{"start":{"line":60,"column":4},"end":{"line":60,"column":44}},"28":{"start":{"line":61,"column":4},"end":{"line":61,"column":36}},"29":{"start":{"line":62,"column":4},"end":{"line":62,"column":18}},"30":{"start":{"line":65,"column":33},"end":{"line":71,"column":4}},"31":{"start":{"line":73,"column":2},"end":{"line":73,"column":79}},"32":{"start":{"line":22,"column":13},"end":{"line":22,"column":57}},"33":{"start":{"line":76,"column":23},"end":{"line":82,"column":1}},"34":{"start":{"line":77,"column":18},"end":{"line":77,"column":41}},"35":{"start":{"line":78,"column":2},"end":{"line":80,"column":3}},"36":{"start":{"line":79,"column":4},"end":{"line":79,"column":67}},"37":{"start":{"line":81,"column":2},"end":{"line":81,"column":17}},"38":{"start":{"line":76,"column":13},"end":{"line":76,"column":23}}},"fnMap":{"0":{"name":"(anonymous_1)","decl":{"start":{"line":22,"column":57},"end":{"line":22,"column":58}},"loc":{"start":{"line":22,"column":74},"end":{"line":74,"column":1}}},"1":{"name":"(anonymous_2)","decl":{"start":{"line":26,"column":12},"end":{"line":26,"column":15}},"loc":{"start":{"line":26,"column":17},"end":{"line":44,"column":3}}},"2":{"name":"(anonymous_3)","decl":{"start":{"line":28,"column":27},"end":{"line":28,"column":30}},"loc":{"start":{"line":28,"column":32},"end":{"line":42,"column":5}}},"3":{"name":"(anonymous_4)","decl":{"start":{"line":46,"column":16},"end":{"line":46,"column":21}},"loc":{"start":{"line":46,"column":61},"end":{"line":57,"column":3}}},"4":{"name":"(anonymous_5)","decl":{"start":{"line":59,"column":17},"end":{"line":59,"column":20}},"loc":{"start":{"line":59,"column":22},"end":{"line":63,"column":3}}},"5":{"name":"(anonymous_6)","decl":{"start":{"line":76,"column":23},"end":{"line":76,"column":43}},"loc":{"start":{"line":76,"column":45},"end":{"line":82,"column":1}}}},"branchMap":{"0":{"loc":{"start":{"line":32,"column":6},"end":{"line":40,"column":7}},"type":"if","locations":[{"start":{"line":32,"column":6},"end":{"line":40,"column":7}},{"start":{},"end":{}}]},"1":{"loc":{"start":{"line":32,"column":10},"end":{"line":32,"column":28}},"type":"binary-expr","locations":[{"start":{"line":32,"column":10},"end":{"line":32,"column":15}},{"start":{"line":32,"column":19},"end":{"line":32,"column":28}}]},"2":{"loc":{"start":{"line":78,"column":2},"end":{"line":80,"column":3}},"type":"if","locations":[{"start":{"line":78,"column":2},"end":{"line":80,"column":3}},{"start":{},"end":{}}]}},"s":{"0":0,"1":0,"2":0,"3":0,"4":0,"5":0,"6":0,"7":0,"8":0,"9":0,"10":0,"11":0,"12":0,"13":0,"14":0,"15":0,"16":0,"17":0,"18":0,"19":0,"20":0,"21":0,"22":0,"23":0,"24":0,"25":0,"26":0,"27":0,"28":0,"29":0,"30":0,"31":0,"32":0,"33":0,"34":0,"35":0,"36":0,"37":0,"38":0},"f":{"0":0,"1":0,"2":0,"3":0,"4":0,"5":0},"b":{"0":[0,0],"1":[0,0],"2":[0,0]}}
,"C:\\PROJECT\\DISTRIBUTED TASK QUEUE SYSTEM\\frontend\\src\\hooks\\useMetrics.ts": {"path":"C:\\PROJECT\\DISTRIBUTED TASK QUEUE SYSTEM\\frontend\\src\\hooks\\useMetrics.ts","statementMap":{"0":{"start":{"line":1,"column":0},"end":{"line":1,"column":57}},"1":{"start":{"line":8,"column":0},"end":{"line":8,"column":46}},"2":{"start":{"line":9,"column":0},"end":{"line":9,"column":34}},"3":{"start":{"line":22,"column":25},"end":{"line":22,"column":30}},"4":{"start":{"line":23,"column":22},"end":{"line":23,"column":54}},"5":{"start":{"line":25,"column":26},"end":{"line":179,"column":1}},"6":{"start":{"line":26,"column":32},"end":{"line":26,"column":71}},"7":{"start":{"line":27,"column":40},"end":{"line":27,"column":66}},"8":{"start":{"line":28,"column":32},"end":{"line":28,"column":60}},"9":{"start":{"line":29,"column":46},"end":{"line":29,"column":76}},"10":{"start":{"line":30,"column":54},"end":{"line":32,"column":7}},"11":{"start":{"line":33,"column":36},"end":{"line":33,"column":50}},"12":{"start":{"line":34,"column":28},"end":{"line":34,"column":57}},"13":{"start":{"line":35,"column":38},"end":{"line":35,"column":53}},"14":{"start":{"line":38,"column":23},"end":{"line":115,"column":8}},"15":{"start":{"line":39,"column":4},"end":{"line":114,"column":5}},"16":{"start":{"line":40,"column":6},"end":{"line":40,"column":25}},"17":{"start":{"line":41,"column":6},"end":{"line":41,"column":21}},"18":{"start":{"line":44,"column":30},"end":{"line":44,"column":63}},"19":{"start":{"line":45,"column":26},"end":{"line":45,"column":46}},"20":{"start":{"line":47,"column":6},"end":{"line":58,"column":9}},"21":{"start":{"line":61,"column":28},"end":{"line":61,"column":69}},"22":{"start":{"line":62,"column":6},"end":{"line":74,"column":8}},"23":{"start":{"line":63,"column":75},"end":{"line":73,"column":10}},"24":{"start":{"line":77,"column":30},"end":{"line":77,"column":65}},"25":{"start":{"line":78,"column":6},"end":{"line":88,"column":8}},"26":{"start":{"line":79,"column":79},"end":{"line":87,"column":10}},"27":{"start":{"line":91,"column":18},"end":{"line":91,"column":28}},"28":{"start":{"line":92,"column":42},"end":{"line":92,"column":44}},"29":{"start":{"line":93,"column":47},"end":{"line":93,"column":49}},"30":{"start":{"line":95,"column":6},"end":{"line":105,"column":7}},"31":{"start":{"line":95,"column":19},"end":{"line":95,"column":21}},"32":{"start":{"line":96,"column":21},"end":{"line":96,"column":48}},"33":{"start":{"line":97,"column":8},"end":{"line":100,"column":11}},"34":{"start":{"line":101,"column":8},"end":{"line":104,"column":11}},"35":{"start":{"line":107,"column":6},"end":{"line":107,"column":35}},"36":{"start":{"line":108,"column":6},"end":{"line":108,"column":44}},"37":{"start":{"line":110,"column":6},"end":{"line":110,"column":53}},"38":{"start":{"line":111,"column":6},"end":{"line":111,"column":79}},"39":{"start":{"line":113,"column":6},"end":{"line":113,"column":26}},"40":{"start":{"line":118,"column":33},"end":{"line":141,"column":8}},"41":{"start":{"line":119,"column":4},"end":{"line":119,"column":50}},"42":{"start":{"line":119,"column":43},"end":{"line":119,"column":50}},"43":{"start":{"line":121,"column":20},"end":{"line":121,"column":51}},"44":{"start":{"line":123,"column":4},"end":{"line":140,"column":5}},"45":{"start":{"line":124,"column":6},"end":{"line":124,"column":54}},"46":{"start":{"line":125,"column":11},"end":{"line":140,"column":5}},"47":{"start":{"line":126,"column":6},"end":{"line":137,"column":9}},"48":{"start":{"line":127,"column":24},"end":{"line":127,"column":33}},"49":{"start":{"line":128,"column":21},"end":{"line":128,"column":47}},"50":{"start":{"line":129,"column":22},"end":{"line":129,"column":64}},"51":{"start":{"line":129,"column":47},"end":{"line":129,"column":63}},"52":{"start":{"line":130,"column":8},"end":{"line":135,"column":9}},"53":{"start":{"line":131,"column":10},"end":{"line":131,"column":32}},"54":{"start":{"line":133,"column":10},"end":{"line":133,"column":32}},"55":{"start":{"line":134,"column":10},"end":{"line":134,"column":49}},"56":{"start":{"line":134,"column":35},"end":{"line":134,"column":49}},"57":{"start":{"line":136,"column":8},"end":{"line":136,"column":23}},"58":{"start":{"line":138,"column":11},"end":{"line":140,"column":5}},"59":{"start":{"line":139,"column":6},"end":{"line":139,"column":52}},"60":{"start":{"line":144,"column":26},"end":{"line":154,"column":4}},"61":{"start":{"line":148,"column":6},"end":{"line":148,"column":63}},"62":{"start":{"line":149,"column":6},"end":{"line":149,"column":26}},"63":{"start":{"line":152,"column":6},"end":{"line":152,"column":26}},"64":{"start":{"line":157,"column":2},"end":{"line":159,"column":21}},"65":{"start":{"line":158,"column":4},"end":{"line":158,"column":19}},"66":{"start":{"line":162,"column":2},"end":{"line":167,"column":46}},"67":{"start":{"line":163,"column":4},"end":{"line":166,"column":5}},"68":{"start":{"line":164,"column":23},"end":{"line":164,"column":66}},"69":{"start":{"line":165,"column":6},"end":{"line":165,"column":43}},"70":{"start":{"line":165,"column":19},"end":{"line":165,"column":42}},"71":{"start":{"line":169,"column":2},"end":{"line":178,"column":4}},"72":{"start":{"line":25,"column":13},"end":{"line":25,"column":26}}},"fnMap":{"0":{"name":"(anonymous_1)","decl":{"start":{"line":25,"column":26},"end":{"line":25,"column":47}},"loc":{"start":{"line":25,"column":49},"end":{"line":179,"column":1}}},"1":{"name":"(anonymous_2)","decl":{"start":{"line":38,"column":35},"end":{"line":38,"column":40}},"loc":{"start":{"line":38,"column":46},"end":{"line":115,"column":3}}},"2":{"name":"(anonymous_3)","decl":{"start":{"line":63,"column":39},"end":{"line":63,"column":40}},"loc":{"start":{"line":63,"column":75},"end":{"line":73,"column":10}}},"3":{"name":"(anonymous_4)","decl":{"start":{"line":79,"column":41},"end":{"line":79,"column":42}},"loc":{"start":{"line":79,"column":79},"end":{"line":87,"column":10}}},"4":{"name":"(anonymous_5)","decl":{"start":{"line":118,"column":45},"end":{"line":118,"column":46}},"loc":{"start":{"line":118,"column":63},"end":{"line":141,"column":3}}},"5":{"name":"(anonymous_6)","decl":{"start":{"line":126,"column":21},"end":{"line":126,"column":22}},"loc":{"start":{"line":126,"column":30},"end":{"line":137,"column":7}}},"6":{"name":"(anonymous_7)","decl":{"start":{"line":129,"column":40},"end":{"line":129,"column":41}},"loc":{"start":{"line":129,"column":47},"end":{"line":129,"column":63}}},"7":{"name":"(anonymous_8)","decl":{"start":{"line":147,"column":13},"end":{"line":147,"column":16}},"loc":{"start":{"line":147,"column":18},"end":{"line":150,"column":5}}},"8":{"name":"(anonymous_9)","decl":{"start":{"line":151,"column":18},"end":{"line":151,"column":21}},"loc":{"start":{"line":151,"column":23},"end":{"line":153,"column":5}}},"9":{"name":"(anonymous_10)","decl":{"start":{"line":157,"column":12},"end":{"line":157,"column":15}},"loc":{"start":{"line":157,"column":17},"end":{"line":159,"column":3}}},"10":{"name":"(anonymous_11)","decl":{"start":{"line":162,"column":12},"end":{"line":162,"column":15}},"loc":{"start":{"line":162,"column":17},"end":{"line":167,"column":3}}},"11":{"name":"(anonymous_12)","decl":{"start":{"line":165,"column":13},"end":{"line":165,"column":16}},"loc":{"start":{"line":165,"column":19},"end":{"line":165,"column":42}}}},"branchMap":{"0":{"loc":{"start":{"line":48,"column":20},"end":{"line":48,"column":48}},"type":"binary-expr","locations":[{"start":{"line":48,"column":20},"end":{"line":48,"column":43}},{"start":{"line":48,"column":47},"end":{"line":48,"column":48}}]},"1":{"loc":{"start":{"line":49,"column":22},"end":{"line":49,"column":52}},"type":"binary-expr","locations":[{"start":{"line":49,"column":22},"end":{"line":49,"column":47}},{"start":{"line":49,"column":51},"end":{"line":49,"column":52}}]},"2":{"loc":{"start":{"line":50,"column":22},"end":{"line":50,"column":52}},"type":"binary-expr","locations":[{"start":{"line":50,"column":22},"end":{"line":50,"column":47}},{"start":{"line":50,"column":51},"end":{"line":50,"column":52}}]},"3":{"loc":{"start":{"line":51,"column":24},"end":{"line":51,"column":56}},"type":"binary-expr","locations":[{"start":{"line":51,"column":24},"end":{"line":51,"column":51}},{"start":{"line":51,"column":55},"end":{"line":51,"column":56}}]},"4":{"loc":{"start":{"line":52,"column":21},"end":{"line":52,"column":50}},"type":"binary-expr","locations":[{"start":{"line":52,"column":21},"end":{"line":52,"column":45}},{"start":{"line":52,"column":49},"end":{"line":52,"column":50}}]},"5":{"loc":{"start":{"line":53,"column":23},"end":{"line":53,"column":54}},"type":"binary-expr","locations":[{"start":{"line":53,"column":23},"end":{"line":53,"column":49}},{"start":{"line":53,"column":53},"end":{"line":53,"column":54}}]},"6":{"loc":{"start":{"line":54,"column":22},"end":{"line":54,"column":52}},"type":"binary-expr","locations":[{"start":{"line":54,"column":22},"end":{"line":54,"column":47}},{"start":{"line":54,"column":51},"end":{"line":54,"column":52}}]},"7":{"loc":{"start":{"line":55,"column":19},"end":{"line":55,"column":46}},"type":"binary-expr","locations":[{"start":{"line":55,"column":19},"end":{"line":55,"column":41}},{"start":{"line":55,"column":45},"end":{"line":55,"column":46}}]},"8":{"loc":{"start":{"line":56,"column":21},"end":{"line":56,"column":50}},"type":"binary-expr","locations":[{"start":{"line":56,"column":21},"end":{"line":56,"column":45}},{"start":{"line":56,"column":49},"end":{"line":56,"column":50}}]},"9":{"loc":{"start":{"line":57,"column":27},"end":{"line":57,"column":63}},"type":"binary-expr","locations":[{"start":{"line":57,"column":27},"end":{"line":57,"column":58}},{"start":{"line":57,"column":62},"end":{"line":57,"column":63}}]},"10":{"loc":{"start":{"line":63,"column":9},"end":{"line":63,"column":33}},"type":"binary-expr","locations":[{"start":{"line":63,"column":9},"end":{"line":63,"column":27}},{"start":{"line":63,"column":31},"end":{"line":63,"column":33}}]},"11":{"loc":{"start":{"line":65,"column":16},"end":{"line":65,"column":43}},"type":"binary-expr","locations":[{"start":{"line":65,"column":16},"end":{"line":65,"column":25}},{"start":{"line":65,"column":29},"end":{"line":65,"column":43}}]},"12":{"loc":{"start":{"line":67,"column":20},"end":{"line":67,"column":45}},"type":"binary-expr","locations":[{"start":{"line":67,"column":20},"end":{"line":67,"column":33}},{"start":{"line":67,"column":37},"end":{"line":67,"column":45}}]},"13":{"loc":{"start":{"line":79,"column":9},"end":{"line":79,"column":35}},"type":"binary-expr","locations":[{"start":{"line":79,"column":9},"end":{"line":79,"column":29}},{"start":{"line":79,"column":33},"end":{"line":79,"column":35}}]},"14":{"loc":{"start":{"line":81,"column":16},"end":{"line":81,"column":52}},"type":"binary-expr","locations":[{"start":{"line":81,"column":16},"end":{"line":81,"column":27}},{"start":{"line":81,"column":31},"end":{"line":81,"column":52}}]},"15":{"loc":{"start":{"line":83,"column":21},"end":{"line":83,"column":43}},"type":"binary-expr","locations":[{"start":{"line":83,"column":21},"end":{"line":83,"column":38}},{"start":{"line":83,"column":42},"end":{"line":83,"column":43}}]},"16":{"loc":{"start":{"line":85,"column":20},"end":{"line":85,"column":41}},"type":"binary-expr","locations":[{"start":{"line":85,"column":20},"end":{"line":85,"column":36}},{"start":{"line":85,"column":40},"end":{"line":85,"column":41}}]},"17":{"loc":{"start":{"line":86,"column":23},"end":{"line":86,"column":47}},"type":"binary-expr","locations":[{"start":{"line":86,"column":23},"end":{"line":86,"column":42}},{"start":{"line":86,"column":46},"end":{"line":86,"column":47}}]},"18":{"loc":{"start":{"line":111,"column":15},"end":{"line":111,"column":77}},"type":"cond-expr","locations":[{"start":{"line":111,"column":38},"end":{"line":111,"column":49}},{"start":{"line":111,"column":52},"end":{"line":111,"column":77}}]},"19":{"loc":{"start":{"line":119,"column":4},"end":{"line":119,"column":50}},"type":"if","locations":[{"start":{"line":119,"column":4},"end":{"line":119,"column":50}},{"start":{},"end":{}}]},"20":{"loc":{"start":{"line":119,"column":8},"end":{"line":119,"column":41}},"type":"binary-expr","locations":[{"start":{"line":119,"column":8},"end":{"line":119,"column":13}},{"start":{"line":119,"column":17},"end":{"line":119,"column":41}}]},"21":{"loc":{"start":{"line":123,"column":4},"end":{"line":140,"column":5}},"type":"if","locations":[{"start":{"line":123,"column":4},"end":{"line":140,"column":5}},{"start":{"line":125,"column":11},"end":{"line":140,"column":5}}]},"22":{"loc":{"start":{"line":125,"column":11},"end":{"line":140,"column":5}},"type":"if","locations":[{"start":{"line":125,"column":11},"end":{"line":140,"column":5}},{"start":{"line":138,"column":11},"end":{"line":140,"column":5}}]},"23":{"loc":{"start":{"line":125,"column":15},"end":{"line":125,"column":61}},"type":"binary-expr","locations":[{"start":{"line":125,"column":15},"end":{"line":125,"column":45}},{"start":{"line":125,"column":49},"end":{"line":125,"column":61}}]},"24":{"loc":{"start":{"line":130,"column":8},"end":{"line":135,"column":9}},"type":"if","locations":[{"start":{"line":130,"column":8},"end":{"line":135,"column":9}},{"start":{"line":132,"column":15},"end":{"line":135,"column":9}}]},"25":{"loc":{"start":{"line":134,"column":10},"end":{"line":134,"column":49}},"type":"if","locations":[{"start":{"line":134,"column":10},"end":{"line":134,"column":49}},{"start":{},"end":{}}]},"26":{"loc":{"start":{"line":138,"column":11},"end":{"line":140,"column":5}},"type":"if","locations":[{"start":{"line":138,"column":11},"end":{"line":140,"column":5}},{"start":{},"end":{}}]},"27":{"loc":{"start":{"line":163,"column":4},"end":{"line":166,"column":5}},"type":"if","locations":[{"start":{"line":163,"column":4},"end":{"line":166,"column":5}},{"start":{},"end":{}}]},"28":{"loc":{"start":{"line":163,"column":8},"end":{"line":163,"column":34}},"type":"binary-expr","locations":[{"start":{"line":163,"column":8},"end":{"line":163,"column":20}},{"start":{"line":163,"column":24},"end":{"line":163,"column":34}}]}},"s":{"0":1,"1":1,"2":1,"3":1,"4":1,"5":1,"6":16,"7":16,"8":16,"9":16,"10":16,"11":16,"12":16,"13":16,"14":16,"15":5,"16":5,"17":5,"18":5,"19":4,"20":4,"21":4,"22":4,"23":0,"24":4,"25":4,"26":0,"27":4,"28":4,"29":4,"30":4,"31":4,"32":96,"33":96,"34":96,"35":4,"36":4,"37":1,"38":1,"39":5,"40":16,"41":0,"42":0,"43":0,"44":0,"45":0,"46":0,"47":0,"48":0,"49":0,"50":0,"51":0,"52":0,"53":0,"54":0,"55":0,"56":0,"57":0,"58":0,"59":0,"60":16,"61":0,"62":0,"63":13,"64":16,"65":4,"66":16,"67":8,"68":8,"69":8,"70":8,"71":16,"72":1},"f":{"0":16,"1":5,"2":0,"3":0,"4":0,"5":0,"6":0,"7":0,"8":13,"9":4,"10":8,"11":8},"b":{"0":[4,2],"1":[4,2],"2":[4,2],"3":[4,2],"4":[4,2],"5":[4,2],"6":[4,2],"7":[4,2],"8":[4,2],"9":[4,2],"10":[4,0],"11":[0,0],"12":[0,0],"13":[4,0],"14":[0,0],"15":[0,0],"16":[0,0],"17":[0,0],"18":[1,0],"19":[0,0],"20":[0,0],"21":[0,0],"22":[0,0],"23":[0,0],"24":[0,0],"25":[0,0],"26":[0,0],"27":[8,0],"28":[8,0]}}
,"C:\\PROJECT\\DISTRIBUTED TASK QUEUE SYSTEM\\frontend\\src\\hooks\\useWebSocket.ts": {"path":"C:\\PROJECT\\DISTRIBUTED TASK QUEUE SYSTEM\\frontend\\src\\hooks\\useWebSocket.ts","statementMap":{"0":{"start":{"line":1,"column":0},"end":{"line":1,"column":65}},"1":{"start":{"line":21,"column":28},"end":{"line":139,"column":1}},"2":{"start":{"line":30,"column":40},"end":{"line":30,"column":55}},"3":{"start":{"line":31,"column":40},"end":{"line":31,"column":63}},"4":{"start":{"line":32,"column":16},"end":{"line":32,"column":46}},"5":{"start":{"line":33,"column":31},"end":{"line":33,"column":40}},"6":{"start":{"line":34,"column":30},"end":{"line":34,"column":67}},"7":{"start":{"line":36,"column":18},"end":{"line":98,"column":4}},"8":{"start":{"line":37,"column":4},"end":{"line":89,"column":5}},"9":{"start":{"line":39,"column":6},"end":{"line":41,"column":7}},"10":{"start":{"line":40,"column":8},"end":{"line":40,"column":30}},"11":{"start":{"line":43,"column":17},"end":{"line":43,"column":35}},"12":{"start":{"line":44,"column":6},"end":{"line":44,"column":25}},"13":{"start":{"line":46,"column":6},"end":{"line":51,"column":8}},"14":{"start":{"line":47,"column":8},"end":{"line":47,"column":43}},"15":{"start":{"line":48,"column":8},"end":{"line":48,"column":29}},"16":{"start":{"line":49,"column":8},"end":{"line":49,"column":41}},"17":{"start":{"line":50,"column":8},"end":{"line":50,"column":22}},"18":{"start":{"line":53,"column":6},"end":{"line":61,"column":8}},"19":{"start":{"line":54,"column":8},"end":{"line":60,"column":9}},"20":{"start":{"line":55,"column":23},"end":{"line":55,"column":45}},"21":{"start":{"line":56,"column":10},"end":{"line":56,"column":31}},"22":{"start":{"line":57,"column":10},"end":{"line":57,"column":28}},"23":{"start":{"line":59,"column":10},"end":{"line":59,"column":69}},"24":{"start":{"line":63,"column":6},"end":{"line":66,"column":8}},"25":{"start":{"line":64,"column":8},"end":{"line":64,"column":49}},"26":{"start":{"line":65,"column":8},"end":{"line":65,"column":25}},"27":{"start":{"line":68,"column":6},"end":{"line":86,"column":8}},"28":{"start":{"line":69,"column":8},"end":{"line":69,"column":46}},"29":{"start":{"line":70,"column":8},"end":{"line":70,"column":30}},"30":{"start":{"line":71,"column":8},"end":{"line":71,"column":25}},"31":{"start":{"line":74,"column":8},"end":{"line":85,"column":9}},"32":{"start":{"line":75,"column":10},"end":{"line":75,"column":44}},"33":{"start":{"line":76,"column":10},"end":{"line":78,"column":12}},"34":{"start":{"line":79,"column":10},"end":{"line":82,"column":12}},"35":{"start":{"line":80,"column":18},"end":{"line":80,"column":27}},"36":{"start":{"line":84,"column":10},"end":{"line":84,"column":61}},"37":{"start":{"line":88,"column":6},"end":{"line":88,"column":69}},"38":{"start":{"line":100,"column":21},"end":{"line":109,"column":28}},"39":{"start":{"line":101,"column":4},"end":{"line":103,"column":5}},"40":{"start":{"line":102,"column":6},"end":{"line":102,"column":48}},"41":{"start":{"line":104,"column":4},"end":{"line":104,"column":56}},"42":{"start":{"line":105,"column":4},"end":{"line":108,"column":5}},"43":{"start":{"line":106,"column":6},"end":{"line":106,"column":28}},"44":{"start":{"line":107,"column":6},"end":{"line":107,"column":27}},"45":{"start":{"line":111,"column":22},"end":{"line":117,"column":8}},"46":{"start":{"line":112,"column":4},"end":{"line":116,"column":5}},"47":{"start":{"line":113,"column":6},"end":{"line":113,"column":47}},"48":{"start":{"line":115,"column":6},"end":{"line":115,"column":49}},"49":{"start":{"line":119,"column":20},"end":{"line":122,"column":15}},"50":{"start":{"line":120,"column":4},"end":{"line":120,"column":37}},"51":{"start":{"line":121,"column":4},"end":{"line":121,"column":14}},"52":{"start":{"line":124,"column":2},"end":{"line":130,"column":28}},"53":{"start":{"line":125,"column":4},"end":{"line":125,"column":14}},"54":{"start":{"line":127,"column":4},"end":{"line":129,"column":6}},"55":{"start":{"line":128,"column":6},"end":{"line":128,"column":19}},"56":{"start":{"line":132,"column":2},"end":{"line":138,"column":4}},"57":{"start":{"line":21,"column":13},"end":{"line":21,"column":28}}},"fnMap":{"0":{"name":"(anonymous_0)","decl":{"start":{"line":21,"column":28},"end":{"line":21,"column":29}},"loc":{"start":{"line":29,"column":46},"end":{"line":139,"column":1}}},"1":{"name":"(anonymous_1)","decl":{"start":{"line":36,"column":30},"end":{"line":36,"column":33}},"loc":{"start":{"line":36,"column":35},"end":{"line":90,"column":3}}},"2":{"name":"(anonymous_2)","decl":{"start":{"line":46,"column":18},"end":{"line":46,"column":21}},"loc":{"start":{"line":46,"column":23},"end":{"line":51,"column":7}}},"3":{"name":"(anonymous_3)","decl":{"start":{"line":53,"column":21},"end":{"line":53,"column":22}},"loc":{"start":{"line":53,"column":31},"end":{"line":61,"column":7}}},"4":{"name":"(anonymous_4)","decl":{"start":{"line":63,"column":19},"end":{"line":63,"column":20}},"loc":{"start":{"line":63,"column":29},"end":{"line":66,"column":7}}},"5":{"name":"(anonymous_5)","decl":{"start":{"line":68,"column":19},"end":{"line":68,"column":22}},"loc":{"start":{"line":68,"column":24},"end":{"line":86,"column":7}}},"6":{"name":"(anonymous_6)","decl":{"start":{"line":80,"column":12},"end":{"line":80,"column":15}},"loc":{"start":{"line":80,"column":18},"end":{"line":80,"column":27}}},"7":{"name":"(anonymous_7)","decl":{"start":{"line":100,"column":33},"end":{"line":100,"column":36}},"loc":{"start":{"line":100,"column":38},"end":{"line":109,"column":3}}},"8":{"name":"(anonymous_8)","decl":{"start":{"line":111,"column":34},"end":{"line":111,"column":35}},"loc":{"start":{"line":111,"column":52},"end":{"line":117,"column":3}}},"9":{"name":"(anonymous_9)","decl":{"start":{"line":119,"column":32},"end":{"line":119,"column":35}},"loc":{"start":{"line":119,"column":37},"end":{"line":122,"column":3}}},"10":{"name":"(anonymous_10)","decl":{"start":{"line":124,"column":12},"end":{"line":124,"column":15}},"loc":{"start":{"line":124,"column":17},"end":{"line":130,"column":3}}},"11":{"name":"(anonymous_11)","decl":{"start":{"line":127,"column":11},"end":{"line":127,"column":14}},"loc":{"start":{"line":127,"column":16},"end":{"line":129,"column":5}}}},"branchMap":{"0":{"loc":{"start":{"line":27,"column":2},"end":{"line":27,"column":26}},"type":"default-arg","locations":[{"start":{"line":27,"column":22},"end":{"line":27,"column":26}}]},"1":{"loc":{"start":{"line":28,"column":2},"end":{"line":28,"column":26}},"type":"default-arg","locations":[{"start":{"line":28,"column":25},"end":{"line":28,"column":26}}]},"2":{"loc":{"start":{"line":39,"column":6},"end":{"line":41,"column":7}},"type":"if","locations":[{"start":{"line":39,"column":6},"end":{"line":41,"column":7}},{"start":{},"end":{}}]},"3":{"loc":{"start":{"line":74,"column":8},"end":{"line":85,"column":9}},"type":"if","locations":[{"start":{"line":74,"column":8},"end":{"line":85,"column":9}},{"start":{"line":83,"column":15},"end":{"line":85,"column":9}}]},"4":{"loc":{"start":{"line":101,"column":4},"end":{"line":103,"column":5}},"type":"if","locations":[{"start":{"line":101,"column":4},"end":{"line":103,"column":5}},{"start":{},"end":{}}]},"5":{"loc":{"start":{"line":105,"column":4},"end":{"line":108,"column":5}},"type":"if","locations":[{"start":{"line":105,"column":4},"end":{"line":108,"column":5}},{"start":{},"end":{}}]},"6":{"loc":{"start":{"line":112,"column":4},"end":{"line":116,"column":5}},"type":"if","locations":[{"start":{"line":112,"column":4},"end":{"line":116,"column":5}},{"start":{"line":114,"column":11},"end":{"line":116,"column":5}}]}},"s":{"0":1,"1":1,"2":16,"3":16,"4":16,"5":16,"6":16,"7":16,"8":13,"9":13,"10":0,"11":13,"12":13,"13":13,"14":0,"15":0,"16":0,"17":0,"18":13,"19":0,"20":0,"21":0,"22":0,"23":0,"24":13,"25":0,"26":0,"27":13,"28":13,"29":13,"30":13,"31":13,"32":0,"33":0,"34":0,"35":0,"36":13,"37":0,"38":16,"39":13,"40":0,"41":13,"42":13,"43":13,"44":13,"45":16,"46":0,"47":0,"48":0,"49":16,"50":0,"51":0,"52":16,"53":13,"54":13,"55":13,"56":16,"57":1},"f":{"0":16,"1":13,"2":0,"3":0,"4":0,"5":13,"6":0,"7":13,"8":0,"9":0,"10":13,"11":13},"b":{"0":[16],"1":[16],"2":[0,13],"3":[0,13],"4":[0,13],"5":[13,0],"6":[0,0]}}
,"C:\\PROJECT\\DISTRIBUTED TASK QUEUE SYSTEM\\frontend\\src\\pages\\CampaignDetailPage.tsx": {"path":"C:\\PROJECT\\DISTRIBUTED TASK QUEUE SYSTEM\\frontend\\src\\pages\\CampaignDetailPage.tsx","statementMap":{"0":{"start":{"line":5,"column":0},"end":{"line":5,"column":64}},"1":{"start":{"line":6,"column":0},"end":{"line":6,"column":58}},"2":{"start":{"line":7,"column":0},"end":{"line":7,"column":68}},"3":{"start":{"line":14,"column":44},"end":{"line":365,"column":1}},"4":{"start":{"line":15,"column":17},"end":{"line":15,"column":44}},"5":{"start":{"line":16,"column":19},"end":{"line":16,"column":32}},"6":{"start":{"line":17,"column":34},"end":{"line":17,"column":65}},"7":{"start":{"line":18,"column":30},"end":{"line":18,"column":67}},"8":{"start":{"line":19,"column":38},"end":{"line":19,"column":68}},"9":{"start":{"line":20,"column":32},"end":{"line":20,"column":46}},"10":{"start":{"line":21,"column":28},"end":{"line":21,"column":57}},"11":{"start":{"line":22,"column":36},"end":{"line":23,"column":null}},"12":{"start":{"line":25,"column":50},"end":{"line":25,"column":65}},"13":{"start":{"line":26,"column":52},"end":{"line":26,"column":64}},"14":{"start":{"line":28,"column":21},"end":{"line":28,"column":45}},"15":{"start":{"line":30,"column":20},"end":{"line":50,"column":18}},"16":{"start":{"line":31,"column":4},"end":{"line":31,"column":28}},"17":{"start":{"line":31,"column":21},"end":{"line":31,"column":28}},"18":{"start":{"line":32,"column":4},"end":{"line":49,"column":5}},"19":{"start":{"line":33,"column":6},"end":{"line":33,"column":23}},"20":{"start":{"line":34,"column":54},"end":{"line":38,"column":8}},"21":{"start":{"line":39,"column":6},"end":{"line":39,"column":36}},"22":{"start":{"line":40,"column":6},"end":{"line":40,"column":32}},"23":{"start":{"line":41,"column":6},"end":{"line":41,"column":45}},"24":{"start":{"line":42,"column":6},"end":{"line":42,"column":21}},"25":{"start":{"line":44,"column":6},"end":{"line":46,"column":8}},"26":{"start":{"line":48,"column":6},"end":{"line":48,"column":24}},"27":{"start":{"line":52,"column":2},"end":{"line":56,"column":30}},"28":{"start":{"line":53,"column":4},"end":{"line":55,"column":5}},"29":{"start":{"line":54,"column":6},"end":{"line":54,"column":18}},"30":{"start":{"line":58,"column":29},"end":{"line":73,"column":3}},"31":{"start":{"line":59,"column":4},"end":{"line":59,"column":23}},"32":{"start":{"line":60,"column":4},"end":{"line":60,"column":57}},"33":{"start":{"line":60,"column":50},"end":{"line":60,"column":57}},"34":{"start":{"line":62,"column":4},"end":{"line":72,"column":5}},"35":{"start":{"line":63,"column":6},"end":{"line":66,"column":9}},"36":{"start":{"line":67,"column":6},"end":{"line":67,"column":31}},"37":{"start":{"line":68,"column":6},"end":{"line":68,"column":33}},"38":{"start":{"line":69,"column":6},"end":{"line":69,"column":18}},"39":{"start":{"line":71,"column":6},"end":{"line":71,"column":79}},"40":{"start":{"line":75,"column":23},"end":{"line":85,"column":3}},"41":{"start":{"line":76,"column":4},"end":{"line":76,"column":28}},"42":{"start":{"line":76,"column":21},"end":{"line":76,"column":28}},"43":{"start":{"line":77,"column":4},"end":{"line":84,"column":5}},"44":{"start":{"line":78,"column":6},"end":{"line":78,"column":43}},"45":{"start":{"line":79,"column":6},"end":{"line":79,"column":18}},"46":{"start":{"line":81,"column":6},"end":{"line":83,"column":8}},"47":{"start":{"line":87,"column":2},"end":{"line":93,"column":3}},"48":{"start":{"line":88,"column":4},"end":{"line":92,"column":6}},"49":{"start":{"line":95,"column":2},"end":{"line":109,"column":3}},"50":{"start":{"line":96,"column":4},"end":{"line":108,"column":6}},"51":{"start":{"line":101,"column":27},"end":{"line":101,"column":49}},"52":{"start":{"line":111,"column":19},"end":{"line":116,"column":7}},"53":{"start":{"line":118,"column":2},"end":{"line":364,"column":4}},"54":{"start":{"line":125,"column":29},"end":{"line":125,"column":51}},"55":{"start":{"line":145,"column":29},"end":{"line":145,"column":51}},"56":{"start":{"line":206,"column":27},"end":{"line":206,"column":51}},"57":{"start":{"line":216,"column":27},"end":{"line":216,"column":53}},"58":{"start":{"line":272,"column":31},"end":{"line":272,"column":69}},"59":{"start":{"line":289,"column":37},"end":{"line":289,"column":73}},"60":{"start":{"line":301,"column":35},"end":{"line":301,"column":61}},"61":{"start":{"line":333,"column":22},"end":{"line":334,"column":null}},"62":{"start":{"line":14,"column":13},"end":{"line":14,"column":44}}},"fnMap":{"0":{"name":"(anonymous_9)","decl":{"start":{"line":14,"column":44},"end":{"line":14,"column":47}},"loc":{"start":{"line":14,"column":49},"end":{"line":365,"column":1}}},"1":{"name":"(anonymous_10)","decl":{"start":{"line":30,"column":32},"end":{"line":30,"column":37}},"loc":{"start":{"line":30,"column":43},"end":{"line":50,"column":3}}},"2":{"name":"(anonymous_11)","decl":{"start":{"line":52,"column":12},"end":{"line":52,"column":15}},"loc":{"start":{"line":52,"column":17},"end":{"line":56,"column":3}}},"3":{"name":"(anonymous_12)","decl":{"start":{"line":58,"column":29},"end":{"line":58,"column":34}},"loc":{"start":{"line":58,"column":58},"end":{"line":73,"column":3}}},"4":{"name":"(anonymous_13)","decl":{"start":{"line":75,"column":23},"end":{"line":75,"column":28}},"loc":{"start":{"line":75,"column":34},"end":{"line":85,"column":3}}},"5":{"name":"(anonymous_14)","decl":{"start":{"line":101,"column":21},"end":{"line":101,"column":24}},"loc":{"start":{"line":101,"column":27},"end":{"line":101,"column":49}}},"6":{"name":"(anonymous_15)","decl":{"start":{"line":125,"column":23},"end":{"line":125,"column":26}},"loc":{"start":{"line":125,"column":29},"end":{"line":125,"column":51}}},"7":{"name":"(anonymous_16)","decl":{"start":{"line":145,"column":23},"end":{"line":145,"column":26}},"loc":{"start":{"line":145,"column":29},"end":{"line":145,"column":51}}},"8":{"name":"(anonymous_17)","decl":{"start":{"line":206,"column":21},"end":{"line":206,"column":24}},"loc":{"start":{"line":206,"column":27},"end":{"line":206,"column":51}}},"9":{"name":"(anonymous_18)","decl":{"start":{"line":216,"column":21},"end":{"line":216,"column":24}},"loc":{"start":{"line":216,"column":27},"end":{"line":216,"column":53}}},"10":{"name":"(anonymous_19)","decl":{"start":{"line":272,"column":25},"end":{"line":272,"column":28}},"loc":{"start":{"line":272,"column":31},"end":{"line":272,"column":69}}},"11":{"name":"(anonymous_20)","decl":{"start":{"line":289,"column":30},"end":{"line":289,"column":31}},"loc":{"start":{"line":289,"column":37},"end":{"line":289,"column":73}}},"12":{"name":"(anonymous_21)","decl":{"start":{"line":301,"column":29},"end":{"line":301,"column":32}},"loc":{"start":{"line":301,"column":35},"end":{"line":301,"column":61}}},"13":{"name":"(anonymous_22)","decl":{"start":{"line":332,"column":36},"end":{"line":332,"column":37}},"loc":{"start":{"line":333,"column":22},"end":{"line":334,"column":null}}}},"branchMap":{"0":{"loc":{"start":{"line":28,"column":21},"end":{"line":28,"column":45}},"type":"cond-expr","locations":[{"start":{"line":28,"column":26},"end":{"line":28,"column":38}},{"start":{"line":28,"column":41},"end":{"line":28,"column":45}}]},"1":{"loc":{"start":{"line":31,"column":4},"end":{"line":31,"column":28}},"type":"if","locations":[{"start":{"line":31,"column":4},"end":{"line":31,"column":28}},{"start":{},"end":{}}]},"2":{"loc":{"start":{"line":45,"column":8},"end":{"line":45,"column":76}},"type":"cond-expr","locations":[{"start":{"line":45,"column":31},"end":{"line":45,"column":42}},{"start":{"line":45,"column":45},"end":{"line":45,"column":76}}]},"3":{"loc":{"start":{"line":53,"column":4},"end":{"line":55,"column":5}},"type":"if","locations":[{"start":{"line":53,"column":4},"end":{"line":55,"column":5}},{"start":{},"end":{}}]},"4":{"loc":{"start":{"line":60,"column":4},"end":{"line":60,"column":57}},"type":"if","locations":[{"start":{"line":60,"column":4},"end":{"line":60,"column":57}},{"start":{},"end":{}}]},"5":{"loc":{"start":{"line":60,"column":8},"end":{"line":60,"column":48}},"type":"binary-expr","locations":[{"start":{"line":60,"column":8},"end":{"line":60,"column":19}},{"start":{"line":60,"column":23},"end":{"line":60,"column":48}}]},"6":{"loc":{"start":{"line":71,"column":15},"end":{"line":71,"column":77}},"type":"cond-expr","locations":[{"start":{"line":71,"column":38},"end":{"line":71,"column":49}},{"start":{"line":71,"column":52},"end":{"line":71,"column":77}}]},"7":{"loc":{"start":{"line":76,"column":4},"end":{"line":76,"column":28}},"type":"if","locations":[{"start":{"line":76,"column":4},"end":{"line":76,"column":28}},{"start":{},"end":{}}]},"8":{"loc":{"start":{"line":82,"column":8},"end":{"line":82,"column":72}},"type":"cond-expr","locations":[{"start":{"line":82,"column":31},"end":{"line":82,"column":42}},{"start":{"line":82,"column":45},"end":{"line":82,"column":72}}]},"9":{"loc":{"start":{"line":87,"column":2},"end":{"line":93,"column":3}},"type":"if","locations":[{"start":{"line":87,"column":2},"end":{"line":93,"column":3}},{"start":{},"end":{}}]},"10":{"loc":{"start":{"line":95,"column":2},"end":{"line":109,"column":3}},"type":"if","locations":[{"start":{"line":95,"column":2},"end":{"line":109,"column":3}},{"start":{},"end":{}}]},"11":{"loc":{"start":{"line":111,"column":19},"end":{"line":116,"column":7}},"type":"cond-expr","locations":[{"start":{"line":112,"column":6},"end":{"line":115,"column":12}},{"start":{"line":116,"column":6},"end":{"line":116,"column":7}}]},"12":{"loc":{"start":{"line":112,"column":6},"end":{"line":115,"column":12}},"type":"binary-expr","locations":[{"start":{"line":112,"column":6},"end":{"line":114,"column":null}},{"start":{"line":115,"column":11},"end":{"line":115,"column":12}}]},"13":{"loc":{"start":{"line":136,"column":13},"end":{"line":142,"column":null}},"type":"binary-expr","locations":[{"start":{"line":136,"column":13},"end":{"line":136,"column":40}},{"start":{"line":137,"column":14},"end":{"line":139,"column":null}}]},"14":{"loc":{"start":{"line":154,"column":9},"end":{"line":157,"column":null}},"type":"binary-expr","locations":[{"start":{"line":154,"column":9},"end":{"line":154,"column":14}},{"start":{"line":155,"column":10},"end":{"line":156,"column":null}}]},"15":{"loc":{"start":{"line":171,"column":15},"end":{"line":171,"column":39}},"type":"binary-expr","locations":[{"start":{"line":171,"column":15},"end":{"line":171,"column":34}},{"start":{"line":171,"column":38},"end":{"line":171,"column":39}}]},"16":{"loc":{"start":{"line":177,"column":15},"end":{"line":177,"column":43}},"type":"binary-expr","locations":[{"start":{"line":177,"column":15},"end":{"line":177,"column":38}},{"start":{"line":177,"column":42},"end":{"line":177,"column":43}}]},"17":{"loc":{"start":{"line":183,"column":15},"end":{"line":183,"column":40}},"type":"binary-expr","locations":[{"start":{"line":183,"column":15},"end":{"line":183,"column":35}},{"start":{"line":183,"column":39},"end":{"line":183,"column":40}}]},"18":{"loc":{"start":{"line":198,"column":35},"end":{"line":198,"column":63}},"type":"binary-expr","locations":[{"start":{"line":198,"column":35},"end":{"line":198,"column":58}},{"start":{"line":198,"column":62},"end":{"line":198,"column":63}}]},"19":{"loc":{"start":{"line":199,"column":13},"end":{"line":199,"column":37}},"type":"binary-expr","locations":[{"start":{"line":199,"column":13},"end":{"line":199,"column":32}},{"start":{"line":199,"column":36},"end":{"line":199,"column":37}}]},"20":{"loc":{"start":{"line":208,"column":14},"end":{"line":210,"column":null}},"type":"cond-expr","locations":[{"start":{"line":209,"column":18},"end":{"line":209,"column":60}},{"start":{"line":210,"column":18},"end":{"line":210,"column":null}}]},"21":{"loc":{"start":{"line":218,"column":14},"end":{"line":220,"column":null}},"type":"cond-expr","locations":[{"start":{"line":219,"column":18},"end":{"line":219,"column":60}},{"start":{"line":220,"column":18},"end":{"line":220,"column":null}}]},"22":{"loc":{"start":{"line":228,"column":9},"end":{"line":261,"column":null}},"type":"binary-expr","locations":[{"start":{"line":228,"column":9},"end":{"line":228,"column":33}},{"start":{"line":229,"column":10},"end":{"line":260,"column":null}}]},"23":{"loc":{"start":{"line":265,"column":9},"end":{"line":360,"column":null}},"type":"binary-expr","locations":[{"start":{"line":265,"column":9},"end":{"line":265,"column":35}},{"start":{"line":266,"column":10},"end":{"line":359,"column":null}}]},"24":{"loc":{"start":{"line":280,"column":13},"end":{"line":307,"column":null}},"type":"binary-expr","locations":[{"start":{"line":280,"column":13},"end":{"line":280,"column":29}},{"start":{"line":281,"column":14},"end":{"line":306,"column":null}}]},"25":{"loc":{"start":{"line":311,"column":13},"end":{"line":358,"column":null}},"type":"cond-expr","locations":[{"start":{"line":312,"column":14},"end":{"line":313,"column":null}},{"start":{"line":316,"column":14},"end":{"line":357,"column":null}}]},"26":{"loc":{"start":{"line":341,"column":30},"end":{"line":345,"column":null}},"type":"cond-expr","locations":[{"start":{"line":342,"column":34},"end":{"line":342,"column":63}},{"start":{"line":343,"column":34},"end":{"line":345,"column":null}}]},"27":{"loc":{"start":{"line":343,"column":34},"end":{"line":345,"column":null}},"type":"cond-expr","locations":[{"start":{"line":344,"column":36},"end":{"line":344,"column":61}},{"start":{"line":345,"column":36},"end":{"line":345,"column":null}}]}},"s":{"0":0,"1":0,"2":0,"3":0,"4":0,"5":0,"6":0,"7":0,"8":0,"9":0,"10":0,"11":0,"12":0,"13":0,"14":0,"15":0,"16":0,"17":0,"18":0,"19":0,"20":0,"21":0,"22":0,"23":0,"24":0,"25":0,"26":0,"27":0,"28":0,"29":0,"30":0,"31":0,"32":0,"33":0,"34":0,"35":0,"36":0,"37":0,"38":0,"39":0,"40":0,"41":0,"42":0,"43":0,"44":0,"45":0,"46":0,"47":0,"48":0,"49":0,"50":0,"51":0,"52":0,"53":0,"54":0,"55":0,"56":0,"57":0,"58":0,"59":0,"60":0,"61":0,"62":0},"f":{"0":0,"1":0,"2":0,"3":0,"4":0,"5":0,"6":0,"7":0,"8":0,"9":0,"10":0,"11":0,"12":0,"13":0},"b":{"0":[0,0],"1":[0,0],"2":[0,0],"3":[0,0],"4":[0,0],"5":[0,0],"6":[0,0],"7":[0,0],"8":[0,0],"9":[0,0],"10":[0,0],"11":[0,0],"12":[0,0],"13":[0,0],"14":[0,0],"15":[0,0],"16":[0,0],"17":[0,0],"18":[0,0],"19":[0,0],"20":[0,0],"21":[0,0],"22":[0,0],"23":[0,0],"24":[0,0],"25":[0,0],"26":[0,0],"27":[0,0]}}
,"C:\\PROJECT\\DISTRIBUTED TASK QUEUE SYSTEM\\frontend\\src\\pages\\CampaignListPage.tsx": {"path":"C:\\PROJECT\\DISTRIBUTED TASK QUEUE SYSTEM\\frontend\\src\\pages\\CampaignListPage.tsx","statementMap":{"0":{"start":{"line":5,"column":0},"end":{"line":5,"column":51}},"1":{"start":{"line":6,"column":0},"end":{"line":6,"column":47}},"2":{"start":{"line":7,"column":0},"end":{"line":7,"column":54}},"3":{"start":{"line":10,"column":42},"end":{"line":279,"column":1}},"4":{"start":{"line":11,"column":19},"end":{"line":11,"column":32}},"5":{"start":{"line":12,"column":36},"end":{"line":12,"column":60}},"6":{"start":{"line":13,"column":32},"end":{"line":13,"column":46}},"7":{"start":{"line":14,"column":28},"end":{"line":14,"column":57}},"8":{"start":{"line":15,"column":34},"end":{"line":15,"column":78}},"9":{"start":{"line":17,"column":2},"end":{"line":19,"column":9}},"10":{"start":{"line":18,"column":4},"end":{"line":18,"column":21}},"11":{"start":{"line":21,"column":25},"end":{"line":46,"column":3}},"12":{"start":{"line":22,"column":4},"end":{"line":45,"column":5}},"13":{"start":{"line":23,"column":6},"end":{"line":23,"column":23}},"14":{"start":{"line":24,"column":23},"end":{"line":24,"column":52}},"15":{"start":{"line":25,"column":6},"end":{"line":25,"column":39}},"16":{"start":{"line":28,"column":58},"end":{"line":28,"column":60}},"17":{"start":{"line":29,"column":6},"end":{"line":36,"column":7}},"18":{"start":{"line":30,"column":8},"end":{"line":35,"column":9}},"19":{"start":{"line":31,"column":25},"end":{"line":31,"column":65}},"20":{"start":{"line":32,"column":10},"end":{"line":32,"column":49}},"21":{"start":{"line":34,"column":10},"end":{"line":34,"column":78}},"22":{"start":{"line":37,"column":6},"end":{"line":37,"column":31}},"23":{"start":{"line":38,"column":6},"end":{"line":38,"column":21}},"24":{"start":{"line":40,"column":6},"end":{"line":42,"column":8}},"25":{"start":{"line":44,"column":6},"end":{"line":44,"column":24}},"26":{"start":{"line":48,"column":23},"end":{"line":64,"column":3}},"27":{"start":{"line":49,"column":4},"end":{"line":51,"column":5}},"28":{"start":{"line":50,"column":6},"end":{"line":50,"column":13}},"29":{"start":{"line":53,"column":4},"end":{"line":63,"column":5}},"30":{"start":{"line":54,"column":6},"end":{"line":54,"column":35}},"31":{"start":{"line":55,"column":6},"end":{"line":55,"column":57}},"32":{"start":{"line":55,"column":43},"end":{"line":55,"column":54}},"33":{"start":{"line":56,"column":26},"end":{"line":56,"column":41}},"34":{"start":{"line":57,"column":6},"end":{"line":57,"column":29}},"35":{"start":{"line":58,"column":6},"end":{"line":58,"column":31}},"36":{"start":{"line":60,"column":6},"end":{"line":62,"column":8}},"37":{"start":{"line":66,"column":23},"end":{"line":75,"column":3}},"38":{"start":{"line":67,"column":4},"end":{"line":74,"column":5}},"39":{"start":{"line":68,"column":6},"end":{"line":68,"column":35}},"40":{"start":{"line":69,"column":6},"end":{"line":69,"column":23}},"41":{"start":{"line":71,"column":6},"end":{"line":73,"column":8}},"42":{"start":{"line":77,"column":22},"end":{"line":84,"column":3}},"43":{"start":{"line":78,"column":4},"end":{"line":83,"column":5}},"44":{"start":{"line":79,"column":6},"end":{"line":79,"column":34}},"45":{"start":{"line":80,"column":6},"end":{"line":80,"column":23}},"46":{"start":{"line":82,"column":6},"end":{"line":82,"column":80}},"47":{"start":{"line":86,"column":25},"end":{"line":103,"column":3}},"48":{"start":{"line":87,"column":4},"end":{"line":102,"column":5}},"49":{"start":{"line":89,"column":8},"end":{"line":89,"column":43}},"50":{"start":{"line":91,"column":8},"end":{"line":91,"column":43}},"51":{"start":{"line":93,"column":8},"end":{"line":93,"column":45}},"52":{"start":{"line":95,"column":8},"end":{"line":95,"column":47}},"53":{"start":{"line":97,"column":8},"end":{"line":97,"column":47}},"54":{"start":{"line":99,"column":8},"end":{"line":99,"column":41}},"55":{"start":{"line":101,"column":8},"end":{"line":101,"column":43}},"56":{"start":{"line":105,"column":2},"end":{"line":114,"column":3}},"57":{"start":{"line":106,"column":4},"end":{"line":113,"column":6}},"58":{"start":{"line":116,"column":2},"end":{"line":278,"column":4}},"59":{"start":{"line":126,"column":27},"end":{"line":126,"column":53}},"60":{"start":{"line":151,"column":29},"end":{"line":151,"column":55}},"61":{"start":{"line":181,"column":33},"end":{"line":186,"column":20}},"62":{"start":{"line":188,"column":20},"end":{"line":194,"column":25}},"63":{"start":{"line":196,"column":18},"end":{"line":270,"column":20}},"64":{"start":{"line":203,"column":41},"end":{"line":203,"column":78}},"65":{"start":{"line":239,"column":45},"end":{"line":239,"column":70}},"66":{"start":{"line":247,"column":45},"end":{"line":247,"column":69}},"67":{"start":{"line":255,"column":30},"end":{"line":255,"column":67}},"68":{"start":{"line":262,"column":43},"end":{"line":262,"column":68}},"69":{"start":{"line":10,"column":13},"end":{"line":10,"column":42}}},"fnMap":{"0":{"name":"(anonymous_9)","decl":{"start":{"line":10,"column":42},"end":{"line":10,"column":45}},"loc":{"start":{"line":10,"column":47},"end":{"line":279,"column":1}}},"1":{"name":"(anonymous_10)","decl":{"start":{"line":17,"column":12},"end":{"line":17,"column":15}},"loc":{"start":{"line":17,"column":17},"end":{"line":19,"column":3}}},"2":{"name":"(anonymous_11)","decl":{"start":{"line":21,"column":25},"end":{"line":21,"column":30}},"loc":{"start":{"line":21,"column":36},"end":{"line":46,"column":3}}},"3":{"name":"(anonymous_12)","decl":{"start":{"line":48,"column":23},"end":{"line":48,"column":28}},"loc":{"start":{"line":48,"column":44},"end":{"line":64,"column":3}}},"4":{"name":"(anonymous_13)","decl":{"start":{"line":55,"column":36},"end":{"line":55,"column":37}},"loc":{"start":{"line":55,"column":43},"end":{"line":55,"column":54}}},"5":{"name":"(anonymous_14)","decl":{"start":{"line":66,"column":23},"end":{"line":66,"column":28}},"loc":{"start":{"line":66,"column":44},"end":{"line":75,"column":3}}},"6":{"name":"(anonymous_15)","decl":{"start":{"line":77,"column":22},"end":{"line":77,"column":27}},"loc":{"start":{"line":77,"column":43},"end":{"line":84,"column":3}}},"7":{"name":"(anonymous_16)","decl":{"start":{"line":86,"column":25},"end":{"line":86,"column":26}},"loc":{"start":{"line":86,"column":44},"end":{"line":103,"column":3}}},"8":{"name":"(anonymous_17)","decl":{"start":{"line":126,"column":21},"end":{"line":126,"column":24}},"loc":{"start":{"line":126,"column":27},"end":{"line":126,"column":53}}},"9":{"name":"(anonymous_18)","decl":{"start":{"line":151,"column":23},"end":{"line":151,"column":26}},"loc":{"start":{"line":151,"column":29},"end":{"line":151,"column":55}}},"10":{"name":"(anonymous_19)","decl":{"start":{"line":180,"column":31},"end":{"line":180,"column":32}},"loc":{"start":{"line":180,"column":44},"end":{"line":271,"column":17}}},"11":{"name":"(anonymous_20)","decl":{"start":{"line":203,"column":35},"end":{"line":203,"column":38}},"loc":{"start":{"line":203,"column":41},"end":{"line":203,"column":78}}},"12":{"name":"(anonymous_21)","decl":{"start":{"line":239,"column":39},"end":{"line":239,"column":42}},"loc":{"start":{"line":239,"column":45},"end":{"line":239,"column":70}}},"13":{"name":"(anonymous_22)","decl":{"start":{"line":247,"column":39},"end":{"line":247,"column":42}},"loc":{"start":{"line":247,"column":45},"end":{"line":247,"column":69}}},"14":{"name":"(anonymous_23)","decl":{"start":{"line":254,"column":37},"end":{"line":254,"column":40}},"loc":{"start":{"line":255,"column":30},"end":{"line":255,"column":67}}},"15":{"name":"(anonymous_24)","decl":{"start":{"line":262,"column":37},"end":{"line":262,"column":40}},"loc":{"start":{"line":262,"column":43},"end":{"line":262,"column":68}}}},"branchMap":{"0":{"loc":{"start":{"line":41,"column":8},"end":{"line":41,"column":72}},"type":"cond-expr","locations":[{"start":{"line":41,"column":31},"end":{"line":41,"column":42}},{"start":{"line":41,"column":45},"end":{"line":41,"column":72}}]},"1":{"loc":{"start":{"line":49,"column":4},"end":{"line":51,"column":5}},"type":"if","locations":[{"start":{"line":49,"column":4},"end":{"line":51,"column":5}},{"start":{},"end":{}}]},"2":{"loc":{"start":{"line":61,"column":8},"end":{"line":61,"column":72}},"type":"cond-expr","locations":[{"start":{"line":61,"column":31},"end":{"line":61,"column":42}},{"start":{"line":61,"column":45},"end":{"line":61,"column":72}}]},"3":{"loc":{"start":{"line":72,"column":8},"end":{"line":72,"column":72}},"type":"cond-expr","locations":[{"start":{"line":72,"column":31},"end":{"line":72,"column":42}},{"start":{"line":72,"column":45},"end":{"line":72,"column":72}}]},"4":{"loc":{"start":{"line":82,"column":15},"end":{"line":82,"column":78}},"type":"cond-expr","locations":[{"start":{"line":82,"column":38},"end":{"line":82,"column":49}},{"start":{"line":82,"column":52},"end":{"line":82,"column":78}}]},"5":{"loc":{"start":{"line":87,"column":4},"end":{"line":102,"column":5}},"type":"switch","locations":[{"start":{"line":88,"column":6},"end":{"line":89,"column":43}},{"start":{"line":90,"column":6},"end":{"line":91,"column":43}},{"start":{"line":92,"column":6},"end":{"line":93,"column":45}},{"start":{"line":94,"column":6},"end":{"line":95,"column":47}},{"start":{"line":96,"column":6},"end":{"line":97,"column":47}},{"start":{"line":98,"column":6},"end":{"line":99,"column":41}},{"start":{"line":100,"column":6},"end":{"line":101,"column":43}}]},"6":{"loc":{"start":{"line":105,"column":2},"end":{"line":114,"column":3}},"type":"if","locations":[{"start":{"line":105,"column":2},"end":{"line":114,"column":3}},{"start":{},"end":{}}]},"7":{"loc":{"start":{"line":134,"column":9},"end":{"line":137,"column":null}},"type":"binary-expr","locations":[{"start":{"line":134,"column":9},"end":{"line":134,"column":14}},{"start":{"line":135,"column":10},"end":{"line":136,"column":null}}]},"8":{"loc":{"start":{"line":141,"column":9},"end":{"line":274,"column":null}},"type":"cond-expr","locations":[{"start":{"line":142,"column":10},"end":{"line":155,"column":null}},{"start":{"line":158,"column":10},"end":{"line":273,"column":null}}]},"9":{"loc":{"start":{"line":181,"column":33},"end":{"line":186,"column":20}},"type":"binary-expr","locations":[{"start":{"line":181,"column":33},"end":{"line":181,"column":54}},{"start":{"line":181,"column":58},"end":{"line":186,"column":20}}]},"10":{"loc":{"start":{"line":188,"column":20},"end":{"line":194,"column":25}},"type":"cond-expr","locations":[{"start":{"line":189,"column":24},"end":{"line":192,"column":null}},{"start":{"line":194,"column":24},"end":{"line":194,"column":25}}]},"11":{"loc":{"start":{"line":237,"column":27},"end":{"line":243,"column":null}},"type":"binary-expr","locations":[{"start":{"line":237,"column":27},"end":{"line":237,"column":54}},{"start":{"line":238,"column":28},"end":{"line":240,"column":null}}]},"12":{"loc":{"start":{"line":245,"column":27},"end":{"line":251,"column":null}},"type":"binary-expr","locations":[{"start":{"line":245,"column":27},"end":{"line":245,"column":56}},{"start":{"line":246,"column":28},"end":{"line":248,"column":null}}]}},"s":{"0":0,"1":0,"2":0,"3":0,"4":0,"5":0,"6":0,"7":0,"8":0,"9":0,"10":0,"11":0,"12":0,"13":0,"14":0,"15":0,"16":0,"17":0,"18":0,"19":0,"20":0,"21":0,"22":0,"23":0,"24":0,"25":0,"26":0,"27":0,"28":0,"29":0,"30":0,"31":0,"32":0,"33":0,"34":0,"35":0,"36":0,"37":0,"38":0,"39":0,"40":0,"41":0,"42":0,"43":0,"44":0,"45":0,"46":0,"47":0,"48":0,"49":0,"50":0,"51":0,"52":0,"53":0,"54":0,"55":0,"56":0,"57":0,"58":0,"59":0,"60":0,"61":0,"62":0,"63":0,"64":0,"65":0,"66":0,"67":0,"68":0,"69":0},"f":{"0":0,"1":0,"2":0,"3":0,"4":0,"5":0,"6":0,"7":0,"8":0,"9":0,"10":0,"11":0,"12":0,"13":0,"14":0,"15":0},"b":{"0":[0,0],"1":[0,0],"2":[0,0],"3":[0,0],"4":[0,0],"5":[0,0,0,0,0,0,0],"6":[0,0],"7":[0,0],"8":[0,0],"9":[0,0],"10":[0,0],"11":[0,0],"12":[0,0]}}
,"C:\\PROJECT\\DISTRIBUTED TASK QUEUE SYSTEM\\frontend\\src\\pages\\CreateCampaignPage.tsx": {"path":"C:\\PROJECT\\DISTRIBUTED TASK QUEUE SYSTEM\\frontend\\src\\pages\\CreateCampaignPage.tsx","statementMap":{"0":{"start":{"line":5,"column":0},"end":{"line":5,"column":51}},"1":{"start":{"line":6,"column":0},"end":{"line":6,"column":47}},"2":{"start":{"line":7,"column":0},"end":{"line":7,"column":67}},"3":{"start":{"line":10,"column":44},"end":{"line":238,"column":1}},"4":{"start":{"line":11,"column":19},"end":{"line":11,"column":32}},"5":{"start":{"line":12,"column":34},"end":{"line":17,"column":4}},"6":{"start":{"line":18,"column":36},"end":{"line":18,"column":65}},"7":{"start":{"line":19,"column":32},"end":{"line":19,"column":46}},"8":{"start":{"line":20,"column":28},"end":{"line":20,"column":57}},"9":{"start":{"line":21,"column":32},"end":{"line":21,"column":47}},"10":{"start":{"line":23,"column":2},"end":{"line":25,"column":9}},"11":{"start":{"line":24,"column":4},"end":{"line":24,"column":21}},"12":{"start":{"line":27,"column":25},"end":{"line":45,"column":3}},"13":{"start":{"line":28,"column":4},"end":{"line":44,"column":5}},"14":{"start":{"line":29,"column":23},"end":{"line":29,"column":47}},"15":{"start":{"line":30,"column":6},"end":{"line":30,"column":39}},"16":{"start":{"line":31,"column":6},"end":{"line":36,"column":7}},"17":{"start":{"line":32,"column":8},"end":{"line":35,"column":12}},"18":{"start":{"line":32,"column":31},"end":{"line":35,"column":10}},"19":{"start":{"line":37,"column":6},"end":{"line":37,"column":21}},"20":{"start":{"line":39,"column":6},"end":{"line":41,"column":8}},"21":{"start":{"line":43,"column":6},"end":{"line":43,"column":24}},"22":{"start":{"line":47,"column":23},"end":{"line":54,"column":3}},"23":{"start":{"line":52,"column":28},"end":{"line":52,"column":36}},"24":{"start":{"line":53,"column":4},"end":{"line":53,"column":56}},"25":{"start":{"line":53,"column":27},"end":{"line":53,"column":53}},"26":{"start":{"line":56,"column":23},"end":{"line":90,"column":3}},"27":{"start":{"line":57,"column":4},"end":{"line":57,"column":23}},"28":{"start":{"line":58,"column":4},"end":{"line":58,"column":19}},"29":{"start":{"line":60,"column":4},"end":{"line":63,"column":5}},"30":{"start":{"line":61,"column":6},"end":{"line":61,"column":44}},"31":{"start":{"line":62,"column":6},"end":{"line":62,"column":13}},"32":{"start":{"line":65,"column":4},"end":{"line":68,"column":5}},"33":{"start":{"line":66,"column":6},"end":{"line":66,"column":39}},"34":{"start":{"line":67,"column":6},"end":{"line":67,"column":13}},"35":{"start":{"line":70,"column":4},"end":{"line":89,"column":5}},"36":{"start":{"line":71,"column":35},"end":{"line":76,"column":8}},"37":{"start":{"line":78,"column":23},"end":{"line":78,"column":53}},"38":{"start":{"line":79,"column":6},"end":{"line":79,"column":23}},"39":{"start":{"line":82,"column":6},"end":{"line":84,"column":15}},"40":{"start":{"line":83,"column":8},"end":{"line":83,"column":51}},"41":{"start":{"line":86,"column":6},"end":{"line":88,"column":8}},"42":{"start":{"line":92,"column":2},"end":{"line":98,"column":3}},"43":{"start":{"line":93,"column":4},"end":{"line":97,"column":6}},"44":{"start":{"line":100,"column":2},"end":{"line":237,"column":4}},"45":{"start":{"line":106,"column":27},"end":{"line":106,"column":49}},"46":{"start":{"line":176,"column":33},"end":{"line":176,"column":59}},"47":{"start":{"line":190,"column":18},"end":{"line":190,"column":44}},"48":{"start":{"line":228,"column":29},"end":{"line":228,"column":51}},"49":{"start":{"line":10,"column":13},"end":{"line":10,"column":44}}},"fnMap":{"0":{"name":"(anonymous_9)","decl":{"start":{"line":10,"column":44},"end":{"line":10,"column":47}},"loc":{"start":{"line":10,"column":49},"end":{"line":238,"column":1}}},"1":{"name":"(anonymous_10)","decl":{"start":{"line":23,"column":12},"end":{"line":23,"column":15}},"loc":{"start":{"line":23,"column":17},"end":{"line":25,"column":3}}},"2":{"name":"(anonymous_11)","decl":{"start":{"line":27,"column":25},"end":{"line":27,"column":30}},"loc":{"start":{"line":27,"column":36},"end":{"line":45,"column":3}}},"3":{"name":"(anonymous_12)","decl":{"start":{"line":32,"column":20},"end":{"line":32,"column":21}},"loc":{"start":{"line":32,"column":31},"end":{"line":35,"column":10}}},"4":{"name":"(anonymous_13)","decl":{"start":{"line":47,"column":23},"end":{"line":47,"column":null}},"loc":{"start":{"line":51,"column":6},"end":{"line":54,"column":3}}},"5":{"name":"(anonymous_14)","decl":{"start":{"line":53,"column":16},"end":{"line":53,"column":17}},"loc":{"start":{"line":53,"column":27},"end":{"line":53,"column":53}}},"6":{"name":"(anonymous_15)","decl":{"start":{"line":56,"column":23},"end":{"line":56,"column":28}},"loc":{"start":{"line":56,"column":52},"end":{"line":90,"column":3}}},"7":{"name":"(anonymous_16)","decl":{"start":{"line":82,"column":17},"end":{"line":82,"column":20}},"loc":{"start":{"line":82,"column":22},"end":{"line":84,"column":7}}},"8":{"name":"(anonymous_17)","decl":{"start":{"line":106,"column":21},"end":{"line":106,"column":24}},"loc":{"start":{"line":106,"column":27},"end":{"line":106,"column":49}}},"9":{"name":"(anonymous_18)","decl":{"start":{"line":176,"column":27},"end":{"line":176,"column":30}},"loc":{"start":{"line":176,"column":33},"end":{"line":176,"column":59}}},"10":{"name":"(anonymous_19)","decl":{"start":{"line":189,"column":31},"end":{"line":189,"column":32}},"loc":{"start":{"line":190,"column":18},"end":{"line":190,"column":44}}},"11":{"name":"(anonymous_20)","decl":{"start":{"line":228,"column":23},"end":{"line":228,"column":26}},"loc":{"start":{"line":228,"column":29},"end":{"line":228,"column":51}}}},"branchMap":{"0":{"loc":{"start":{"line":31,"column":6},"end":{"line":36,"column":7}},"type":"if","locations":[{"start":{"line":31,"column":6},"end":{"line":36,"column":7}},{"start":{},"end":{}}]},"1":{"loc":{"start":{"line":40,"column":8},"end":{"line":40,"column":72}},"type":"cond-expr","locations":[{"start":{"line":40,"column":31},"end":{"line":40,"column":42}},{"start":{"line":40,"column":45},"end":{"line":40,"column":72}}]},"2":{"loc":{"start":{"line":60,"column":4},"end":{"line":63,"column":5}},"type":"if","locations":[{"start":{"line":60,"column":4},"end":{"line":63,"column":5}},{"start":{},"end":{}}]},"3":{"loc":{"start":{"line":65,"column":4},"end":{"line":68,"column":5}},"type":"if","locations":[{"start":{"line":65,"column":4},"end":{"line":68,"column":5}},{"start":{},"end":{}}]},"4":{"loc":{"start":{"line":87,"column":8},"end":{"line":87,"column":72}},"type":"cond-expr","locations":[{"start":{"line":87,"column":31},"end":{"line":87,"column":42}},{"start":{"line":87,"column":45},"end":{"line":87,"column":72}}]},"5":{"loc":{"start":{"line":92,"column":2},"end":{"line":98,"column":3}},"type":"if","locations":[{"start":{"line":92,"column":2},"end":{"line":98,"column":3}},{"start":{},"end":{}}]},"6":{"loc":{"start":{"line":116,"column":9},"end":{"line":119,"column":null}},"type":"binary-expr","locations":[{"start":{"line":116,"column":9},"end":{"line":116,"column":14}},{"start":{"line":117,"column":10},"end":{"line":118,"column":null}}]},"7":{"loc":{"start":{"line":123,"column":9},"end":{"line":126,"column":null}},"type":"binary-expr","locations":[{"start":{"line":123,"column":9},"end":{"line":123,"column":16}},{"start":{"line":124,"column":10},"end":{"line":125,"column":null}}]},"8":{"loc":{"start":{"line":169,"column":13},"end":{"line":194,"column":null}},"type":"cond-expr","locations":[{"start":{"l
[...]
,"C:\\PROJECT\\DISTRIBUTED TASK QUEUE SYSTEM\\frontend\\src\\services\\api.ts": {"path":"C:\\PROJECT\\DISTRIBUTED TASK QUEUE SYSTEM\\frontend\\src\\services\\api.ts","statementMap":{"0":{"start":{"line":1,"column":0},"end":{"line":1,"column":67}},"1":{"start":{"line":4,"column":21},"end":{"line":4,"column":76}},"2":{"start":{"line":10,"column":4},"end":{"line":15,"column":7}},"3":{"start":{"line":18,"column":4},"end":{"line":27,"column":6}},"4":{"start":{"line":20,"column":22},"end":{"line":20,"column":58}},"5":{"start":{"line":21,"column":8},"end":{"line":23,"column":9}},"6":{"start":{"line":22,"column":10},"end":{"line":22,"column":59}},"7":{"start":{"line":24,"column":8},"end":{"line":24,"column":22}},"8":{"start":{"line":26,"column":17},"end":{"line":26,"column":38}},"9":{"start":{"line":30,"column":4},"end":{"line":41,"column":6}},"10":{"start":{"line":31,"column":20},"end":{"line":31,"column":28}},"11":{"start":{"line":33,"column":8},"end":{"line":38,"column":9}},"12":{"start":{"line":35,"column":10},"end":{"line":35,"column":50}},"13":{"start":{"line":36,"column":10},"end":{"line":36,"column":42}},"14":{"start":{"line":37,"column":10},"end":{"line":37,"column":42}},"15":{"start":{"line":39,"column":8},"end":{"line":39,"column":37}},"16":{"start":{"line":46,"column":21},"end":{"line":46,"column":35}},"17":{"start":{"line":47,"column":4},"end":{"line":47,"column":42}},"18":{"start":{"line":48,"column":4},"end":{"line":48,"column":42}},"19":{"start":{"line":50,"column":21},"end":{"line":54,"column":6}},"20":{"start":{"line":55,"column":4},"end":{"line":55,"column":25}},"21":{"start":{"line":59,"column":21},"end":{"line":59,"column":61}},"22":{"start":{"line":60,"column":4},"end":{"line":60,"column":25}},"23":{"start":{"line":65,"column":21},"end":{"line":65,"column":71}},"24":{"start":{"line":66,"column":4},"end":{"line":66,"column":25}},"25":{"start":{"line":70,"column":21},"end":{"line":70,"column":65}},"26":{"start":{"line":71,"column":4},"end":{"line":71,"column":25}},"27":{"start":{"line":75,"column":21},"end":{"line":75,"column":66}},"28":{"start":{"line":76,"column":4},"end":{"line":76,"column":25}},"29":{"start":{"line":81,"column":21},"end":{"line":81,"column":75}},"30":{"start":{"line":82,"column":4},"end":{"line":82,"column":25}},"31":{"start":{"line":86,"column":21},"end":{"line":86,"column":69}},"32":{"start":{"line":87,"column":4},"end":{"line":87,"column":25}},"33":{"start":{"line":91,"column":21},"end":{"line":91,"column":70}},"34":{"start":{"line":92,"column":4},"end":{"line":92,"column":25}},"35":{"start":{"line":96,"column":21},"end":{"line":96,"column":77}},"36":{"start":{"line":97,"column":4},"end":{"line":97,"column":25}},"37":{"start":{"line":101,"column":21},"end":{"line":101,"column":77}},"38":{"start":{"line":102,"column":4},"end":{"line":102,"column":25}},"39":{"start":{"line":107,"column":21},"end":{"line":107,"column":75}},"40":{"start":{"line":108,"column":4},"end":{"line":108,"column":25}},"41":{"start":{"line":112,"column":21},"end":{"line":112,"column":69}},"42":{"start":{"line":113,"column":4},"end":{"line":113,"column":25}},"43":{"start":{"line":117,"column":21},"end":{"line":117,"column":70}},"44":{"start":{"line":118,"column":4},"end":{"line":118,"column":25}},"45":{"start":{"line":122,"column":17},"end":{"line":198,"column":4}},"46":{"start":{"line":124,"column":6},"end":{"line":143,"column":7}},"47":{"start":{"line":125,"column":25},"end":{"line":125,"column":73}},"48":{"start":{"line":126,"column":8},"end":{"line":126,"column":29}},"49":{"start":{"line":129,"column":8},"end":{"line":142,"column":10}},"50":{"start":{"line":146,"column":6},"end":{"line":175,"column":7}},"51":{"start":{"line":147,"column":25},"end":{"line":151,"column":null}},"52":{"start":{"line":153,"column":8},"end":{"line":153,"column":29}},"53":{"start":{"line":156,"column":26},"end":{"line":156,"column":28}},"54":{"start":{"line":157,"column":8},"end":{"line":173,"column":9}},"55":{"start":{"line":157,"column":21},"end":{"line":157,"column":22}},"56":{"start":{"line":158,"column":10},"end":{"line":172,"column":13}},"57":{"start":{"line":174,"column":8},"end":{"line":174,"column":35}},"58":{"start":{"line":178,"column":6},"end":{"line":196,"column":7}},"59":{"start":{"line":179,"column":25},"end":{"line":179,"column":75}},"60":{"start":{"line":180,"column":8},"end":{"line":180,"column":29}},"61":{"start":{"line":183,"column":28},"end":{"line":183,"column":30}},"62":{"start":{"line":184,"column":8},"end":{"line":194,"column":9}},"63":{"start":{"line":184,"column":21},"end":{"line":184,"column":22}},"64":{"start":{"line":185,"column":10},"end":{"line":193,"column":13}},"65":{"start":{"line":195,"column":8},"end":{"line":195,"column":37}},"66":{"start":{"line":201,"column":13},"end":{"line":201,"column":41}},"67":{"start":{"line":202,"column":0},"end":{"line":202,"column":25}}},"fnMap":{"0":{"name":"(anonymous_1)","decl":{"start":{"line":9,"column":2},"end":{"line":9,"column":null}},"loc":{"start":{"line":9,"column":2},"end":{"line":42,"column":3}}},"1":{"name":"(anonymous_2)","decl":{"start":{"line":19,"column":6},"end":{"line":19,"column":7}},"loc":{"start":{"line":19,"column":45},"end":{"line":25,"column":7}}},"2":{"name":"(anonymous_3)","decl":{"start":{"line":26,"column":6},"end":{"line":26,"column":7}},"loc":{"start":{"line":26,"column":17},"end":{"line":26,"column":38}}},"3":{"name":"(anonymous_4)","decl":{"start":{"line":31,"column":6},"end":{"line":31,"column":7}},"loc":{"start":{"line":31,"column":20},"end":{"line":31,"column":28}}},"4":{"name":"(anonymous_5)","decl":{"start":{"line":32,"column":6},"end":{"line":32,"column":7}},"loc":{"start":{"line":32,"column":28},"end":{"line":40,"column":7}}},"5":{"name":"(anonymous_6)","decl":{"start":{"line":45,"column":2},"end":{"line":45,"column":7}},"loc":{"start":{"line":45,"column":48},"end":{"line":56,"column":3}}},"6":{"name":"(anonymous_7)","decl":{"start":{"line":58,"column":2},"end":{"line":58,"column":7}},"loc":{"start":{"line":58,"column":22},"end":{"line":61,"column":3}}},"7":{"name":"(anonymous_8)","decl":{"start":{"line":64,"column":2},"end":{"line":64,"column":7}},"loc":{"start":{"line":64,"column":49},"end":{"line":67,"column":3}}},"8":{"name":"(anonymous_9)","decl":{"start":{"line":69,"column":2},"end":{"line":69,"column":7}},"loc":{"start":{"line":69,"column":26},"end":{"line":72,"column":3}}},"9":{"name":"(anonymous_10)","decl":{"start":{"line":74,"column":2},"end":{"line":74,"column":7}},"loc":{"start":{"line":74,"column":48},"end":{"line":77,"column":3}}},"10":{"name":"(anonymous_11)","decl":{"start":{"line":80,"column":2},"end":{"line":80,"column":7}},"loc":{"start":{"line":80,"column":53},"end":{"line":83,"column":3}}},"11":{"name":"(anonymous_12)","decl":{"start":{"line":85,"column":2},"end":{"line":85,"column":7}},"loc":{"start":{"line":85,"column":30},"end":{"line":88,"column":3}}},"12":{"name":"(anonymous_13)","decl":{"start":{"line":90,"column":2},"end":{"line":90,"column":7}},"loc":{"start":{"line":90,"column":52},"end":{"line":93,"column":3}}},"13":{"name":"(anonymous_14)","decl":{"start":{"line":95,"column":2},"end":{"line":95,"column":7}},"loc":{"start":{"line":95,"column":64},"end":{"line":98,"column":3}}},"14":{"name":"(anonymous_15)","decl":{"start":{"line":100,"column":2},"end":{"line":100,"column":7}},"loc":{"start":{"line":100,"column":33},"end":{"line":103,"column":3}}},"15":{"name":"(anonymous_16)","decl":{"start":{"line":106,"column":2},"end":{"line":106,"column":7}},"loc":{"start":{"line":106,"column":53},"end":{"line":109,"column":3}}},"16":{"name":"(anonymous_17)","decl":{"start":{"line":111,"column":2},"end":{"line":111,"column":7}},"loc":{"start":{"line":111,"column":30},"end":{"line":114,"column":3}}},"17":{"name":"(anonymous_18)","decl":{"start":{"line":116,"column":2},"end":{"line":116,"column":7}},"loc":{"start":{"line":116,"column":52},"end":{"line":119,"column":3}}},"18":{"name":"(anonymous_19)","decl":{"start":{"line":123,"column":14},"end":{"line":123,"column":19}},"loc":{"start":{"line":123,"column":25},"end":{"line":144,"column":5}}},"19":{"name":"(anonymous_20)","decl":{"start":{"line":145,"column":20},"end":{"line":145,"column":25}},"loc":{"start":{"line":145,"column":49},"end":{"line":176,"column":5}}},"20":{"name":"(anonymous_21)","decl":{"start":{"line":177,"column":16},"end":{"line":177,"column":21}},"loc":{"start":{"line":177,"column":27},"end":{"line":197,"column":5}}}},"branchMap":{"0":{"loc":{"start":{"line":4,"column":21},"end":{"line":4,"column":76}},"type":"binary-expr","locations":[{"start":{"line":4,"column":21},"end":{"line":4,"column":49}},{"start":{"line":4,"column":53},"end":{"line":4,"column":76}}]},"1":{"loc":{"start":{"line":21,"column":8},"end":{"line":23,"column":9}},"type":"if","locations":[{"start":{"line":21,"column":8},"end":{"line":23,"column":9}},{"start":{},"end":{}}]},"2":{"loc":{"start":{"line":21,"column":12},"end":{"line":21,"column":35}},"type":"binary-expr","locations":[{"start":{"line":21,"column":12},"end":{"line":21,"column":17}},{"start":{"line":21,"column":21},"end":{"line":21,"column":35}}]},"3":{"loc":{"start":{"line":33,"column":8},"end":{"line":38,"column":9}},"type":"if","locations":[{"start":{"line":33,"column":8},"end":{"line":38,"column":9}},{"start":{},"end":{}}]},"4":{"loc":{"start":{"line":145,"column":27},"end":{"line":145,"column":45}},"type":"default-arg","locations":[{"start":{"line":145,"column":43},"end":{"line":145,"column":45}}]},"5":{"loc":{"start":{"line":188,"column":20},"end":{"line":188,"column":46}},"type":"cond-expr","locations":[{"start":{"line":188,"column":29},"end":{"line":188,"column":37}},{"start":{"line":188,"column":40},"end":{"line":188,"column":46}}]}},"s":{"0":0,"1":0,"2":0,"3":0,"4":0,"5":0,"6":0,"7":0,"8":0,"9":0,"10":0,"11":0,"12":0,"13":0,"14":0,"15":0,"16":0,"17":0,"18":0,"19":0,"20":0,"21":0,"22":0,"23":0,"24":0,"25":0,"26":0,"27":0,"28":0,"29":0,"30":0,"31":0,"32":0,"33":0,"34":0,"35":0,"36":0,"37":0,"38":0,"39":0,"40":0,"41":0,"42":0,"43":0,"44":0,"45":0,"46":0,"47":0,"48":0,"49":0,"50":0,"51":0,"52":0,"53":0,"54":0,"55":0,"56":0,"57":0,"58":0,"59":0,"60":0,"61":0,"62":0,"63":0,"64":0,"65":0,"66":0,"67":0},"f":{"0":0,"1":0,"2":0,"3":0,"4":0,"5":0,"6":0,"7":0,"8":0,"9":0,"10":0,"11":0,"12":0,"13":0,"14":0,"15":0,"16":0,"17":0,"18":0,"19":0,"20":0},"b":{"0":[0,0],"1":[0,0],"2":[0,0],"3":[0,0],"4":[0],"5":[0,0]}}
,"C:\\PROJECT\\DISTRIBUTED TASK QUEUE SYSTEM\\frontend\\src\\services\\campaignAPI.ts": {"path":"C:\\PROJECT\\DISTRIBUTED TASK QUEUE SYSTEM\\frontend\\src\\services\\campaignAPI.ts","statementMap":{"0":{"start":{"line":5,"column":0},"end":{"line":5,"column":26}},"1":{"start":{"line":20,"column":21},"end":{"line":20,"column":76}},"2":{"start":{"line":22,"column":15},"end":{"line":27,"column":2}},"3":{"start":{"line":30,"column":0},"end":{"line":36,"column":3}},"4":{"start":{"line":31,"column":16},"end":{"line":31,"column":52}},"5":{"start":{"line":32,"column":2},"end":{"line":34,"column":3}},"6":{"start":{"line":33,"column":4},"end":{"line":33,"column":53}},"7":{"start":{"line":35,"column":2},"end":{"line":35,"column":16}},"8":{"start":{"line":39,"column":13},"end":{"line":93,"column":2}},"9":{"start":{"line":42,"column":4},"end":{"line":47,"column":6}},"10":{"start":{"line":52,"column":4},"end":{"line":52,"column":59}},"11":{"start":{"line":57,"column":4},"end":{"line":57,"column":60}},"12":{"start":{"line":62,"column":4},"end":{"line":62,"column":67}},"13":{"start":{"line":67,"column":4},"end":{"line":67,"column":52}},"14":{"start":{"line":72,"column":4},"end":{"line":72,"column":72}},"15":{"start":{"line":77,"column":4},"end":{"line":77,"column":69}},"16":{"start":{"line":82,"column":4},"end":{"line":84,"column":7}},"17":{"start":{"line":89,"column":4},"end":{"line":91,"column":7}},"18":{"start":{"line":96,"column":13},"end":{"line":133,"column":2}},"19":{"start":{"line":99,"column":4},"end":{"line":104,"column":6}},"20":{"start":{"line":109,"column":4},"end":{"line":109,"column":64}},"21":{"start":{"line":114,"column":4},"end":{"line":114,"column":65}},"22":{"start":{"line":119,"column":4},"end":{"line":119,"column":72}},"23":{"start":{"line":124,"column":4},"end":{"line":124,"column":52}},"24":{"start":{"line":129,"column":4},"end":{"line":131,"column":7}},"25":{"start":{"line":136,"column":13},"end":{"line":159,"column":2}},"26":{"start":{"line":139,"column":4},"end":{"line":142,"column":6}},"27":{"start":{"line":147,"column":4},"end":{"line":150,"column":6}},"28":{"start":{"line":155,"column":4},"end":{"line":157,"column":7}}},"fnMap":{"0":{"name":"(anonymous_1)","decl":{"start":{"line":30,"column":32},"end":{"line":30,"column":33}},"loc":{"start":{"line":30,"column":43},"end":{"line":36,"column":1}}},"1":{"name":"(anonymous_2)","decl":{"start":{"line":41,"column":8},"end":{"line":41,"column":13}},"loc":{"start":{"line":41,"column":55},"end":{"line":48,"column":3}}},"2":{"name":"(anonymous_3)","decl":{"start":{"line":51,"column":7},"end":{"line":51,"column":12}},"loc":{"start":{"line":51,"column":28},"end":{"line":53,"column":3}}},"3":{"name":"(anonymous_4)","decl":{"start":{"line":56,"column":10},"end":{"line":56,"column":15}},"loc":{"start":{"line":56,"column":41},"end":{"line":58,"column":3}}},"4":{"name":"(anonymous_5)","decl":{"start":{"line":61,"column":10},"end":{"line":61,"column":15}},"loc":{"start":{"line":61,"column":53},"end":{"line":63,"column":3}}},"5":{"name":"(anonymous_6)","decl":{"start":{"line":66,"column":10},"end":{"line":66,"column":15}},"loc":{"start":{"line":66,"column":31},"end":{"line":68,"column":3}}},"6":{"name":"(anonymous_7)","decl":{"start":{"line":71,"column":13},"end":{"line":71,"column":18}},"loc":{"start":{"line":71,"column":34},"end":{"line":73,"column":3}}},"7":{"name":"(anonymous_8)","decl":{"start":{"line":76,"column":10},"end":{"line":76,"column":15}},"loc":{"start":{"line":76,"column":61},"end":{"line":78,"column":3}}},"8":{"name":"(anonymous_9)","decl":{"start":{"line":81,"column":9},"end":{"line":81,"column":14}},"loc":{"start":{"line":81,"column":30},"end":{"line":85,"column":3}}},"9":{"name":"(anonymous_10)","decl":{"start":{"line":88,"column":10},"end":{"line":88,"column":15}},"loc":{"start":{"line":88,"column":31},"end":{"line":92,"column":3}}},"10":{"name":"(anonymous_11)","decl":{"start":{"line":98,"column":8},"end":{"line":98,"column":13}},"loc":{"start":{"line":98,"column":77},"end":{"line":105,"column":3}}},"11":{"name":"(anonymous_12)","decl":{"start":{"line":108,"column":7},"end":{"line":108,"column":12}},"loc":{"start":{"line":108,"column":28},"end":{"line":110,"column":3}}},"12":{"name":"(anonymous_13)","decl":{"start":{"line":113,"column":10},"end":{"line":113,"column":15}},"loc":{"start":{"line":113,"column":46},"end":{"line":115,"column":3}}},"13":{"name":"(anonymous_14)","decl":{"start":{"line":118,"column":10},"end":{"line":118,"column":15}},"loc":{"start":{"line":118,"column":58},"end":{"line":120,"column":3}}},"14":{"name":"(anonymous_15)","decl":{"start":{"line":123,"column":10},"end":{"line":123,"column":15}},"loc":{"start":{"line":123,"column":31},"end":{"line":125,"column":3}}},"15":{"name":"(anonymous_16)","decl":{"start":{"line":128,"column":11},"end":{"line":128,"column":16}},"loc":{"start":{"line":128,"column":67},"end":{"line":132,"column":3}}},"16":{"name":"(anonymous_17)","decl":{"start":{"line":138,"column":8},"end":{"line":138,"column":13}},"loc":{"start":{"line":138,"column":75},"end":{"line":143,"column":3}}},"17":{"name":"(anonymous_18)","decl":{"start":{"line":146,"column":7},"end":{"line":146,"column":12}},"loc":{"start":{"line":146,"column":64},"end":{"line":151,"column":3}}},"18":{"name":"(anonymous_19)","decl":{"start":{"line":154,"column":11},"end":{"line":154,"column":16}},"loc":{"start":{"line":154,"column":76},"end":{"line":158,"column":3}}}},"branchMap":{"0":{"loc":{"start":{"line":20,"column":21},"end":{"line":20,"column":76}},"type":"binary-expr","locations":[{"start":{"line":20,"column":21},"end":{"line":20,"column":49}},{"start":{"line":20,"column":53},"end":{"line":20,"column":76}}]},"1":{"loc":{"start":{"line":32,"column":2},"end":{"line":34,"column":3}},"type":"if","locations":[{"start":{"line":32,"column":2},"end":{"line":34,"column":3}},{"start":{},"end":{}}]},"2":{"loc":{"start":{"line":32,"column":6},"end":{"line":32,"column":29}},"type":"binary-expr","locations":[{"start":{"line":32,"column":6},"end":{"line":32,"column":11}},{"start":{"line":32,"column":15},"end":{"line":32,"column":29}}]},"3":{"loc":{"start":{"line":41,"column":15},"end":{"line":41,"column":31}},"type":"default-arg","locations":[{"start":{"line":41,"column":30},"end":{"line":41,"column":31}}]},"4":{"loc":{"start":{"line":41,"column":33},"end":{"line":41,"column":51}},"type":"default-arg","locations":[{"start":{"line":41,"column":49},"end":{"line":41,"column":51}}]},"5":{"loc":{"start":{"line":77,"column":57},"end":{"line":77,"column":67}},"type":"binary-expr","locations":[{"start":{"line":77,"column":57},"end":{"line":77,"column":61}},{"start":{"line":77,"column":65},"end":{"line":77,"column":67}}]},"6":{"loc":{"start":{"line":98,"column":37},"end":{"line":98,"column":53}},"type":"default-arg","locations":[{"start":{"line":98,"column":52},"end":{"line":98,"column":53}}]},"7":{"loc":{"start":{"line":98,"column":55},"end":{"line":98,"column":73}},"type":"default-arg","locations":[{"start":{"line":98,"column":71},"end":{"line":98,"column":73}}]},"8":{"loc":{"start":{"line":138,"column":35},"end":{"line":138,"column":51}},"type":"default-arg","locations":[{"start":{"line":138,"column":50},"end":{"line":138,"column":51}}]},"9":{"loc":{"start":{"line":138,"column":53},"end":{"line":138,"column":71}},"type":"default-arg","locations":[{"start":{"line":138,"column":69},"end":{"line":138,"column":71}}]}},"s":{"0":0,"1":0,"2":0,"3":0,"4":0,"5":0,"6":0,"7":0,"8":0,"9":0,"10":0,"11":0,"12":0,"13":0,"14":0,"15":0,"16":0,"17":0,"18":0,"19":0,"20":0,"21":0,"22":0,"23":0,"24":0,"25":0,"26":0,"27":0,"28":0},"f":{"0":0,"1":0,"2":0,"3":0,"4":0,"5":0,"6":0,"7":0,"8":0,"9":0,"10":0,"11":0,"12":0,"13":0,"14":0,"15":0,"16":0,"17":0,"18":0},"b":{"0":[0,0],"1":[0,0],"2":[0,0],"3":[0],"4":[0],"5":[0,0],"6":[0],"7":[0],"8":[0],"9":[0]}}
}
