TN:
SF:src\App.tsx
FN:16,App
FNF:1
FNH:0
FNDA:0,App
DA:1,0
DA:2,0
DA:3,0
DA:4,0
DA:5,0
DA:6,0
DA:7,0
DA:8,0
DA:9,0
DA:10,0
DA:11,0
DA:12,0
DA:13,0
DA:14,0
DA:17,0
DA:68,0
LF:16
LH:0
BRF:0
BRH:0
end_of_record
TN:
SF:src\components\ChartsSection.tsx
FN:23,(anonymous_1)
FNF:1
FNH:0
FNDA:0,(anonymous_1)
DA:1,0
DA:2,0
DA:23,0
DA:27,0
DA:180,0
LF:5
LH:0
BRF:0
BRH:0
end_of_record
TN:
SF:src\components\ErrorBoundary.tsx
FN:14,(anonymous_0)
FN:19,(anonymous_1)
FN:23,(anonymous_2)
FN:27,(anonymous_3)
FN:63,(anonymous_4)
FNF:5
FNH:0
FNDA:0,(anonymous_0)
FNDA:0,(anonymous_1)
FNDA:0,(anonymous_2)
FNDA:0,(anonymous_3)
FNDA:0,(anonymous_4)
DA:1,0
DA:15,0
DA:16,0
DA:20,0
DA:24,0
DA:28,0
DA:29,0
DA:63,0
DA:74,0
DA:78,0
LF:10
LH:0
BRDA:28,0,0,0
BRDA:28,0,1,0
BRDA:55,1,0,0
BRDA:55,1,1,0
BRF:4
BRH:0
end_of_record
TN:
SF:src\components\Layout.tsx
FN:5,(anonymous_1)
FN:9,(anonymous_2)
FNF:2
FNH:0
FNDA:0,(anonymous_1)
FNDA:0,(anonymous_2)
DA:1,0
DA:2,0
DA:3,0
DA:5,0
DA:6,0
DA:7,0
DA:9,0
DA:10,0
DA:11,0
DA:14,0
DA:191,0
LF:11
LH:0
BRF:0
BRH:0
end_of_record
TN:
SF:src\components\MetricsCards.tsx
FN:16,(anonymous_1)
FN:68,(anonymous_2)
FNF:2
FNH:2
FNDA:24,(anonymous_1)
FNDA:6,(anonymous_2)
DA:1,1
DA:2,1
DA:16,1
DA:24,24
DA:33,24
DA:68,1
DA:69,6
DA:122,1
LF:8
LH:8
BRDA:37,0,0,24
BRDA:37,0,1,6
BRDA:39,1,0,6
BRDA:39,1,1,0
BRDA:41,2,0,6
BRDA:41,2,1,0
BRDA:49,3,0,24
BRDA:49,3,1,24
BRDA:92,4,0,1
BRDA:92,4,1,5
BRDA:100,5,0,5
BRDA:100,5,1,1
BRDA:107,6,0,5
BRDA:107,6,1,1
BRDA:109,7,0,0
BRDA:109,7,1,1
BRF:16
BRH:13
end_of_record
TN:
SF:src\components\ProtectedRoute.tsx
FN:9,(anonymous_1)
FNF:1
FNH:0
FNDA:0,(anonymous_1)
DA:1,0
DA:2,0
DA:3,0
DA:9,0
DA:10,0
DA:12,0
DA:13,0
DA:20,0
DA:21,0
DA:24,0
DA:27,0
LF:11
LH:0
BRDA:12,0,0,0
BRDA:12,0,1,0
BRDA:20,1,0,0
BRDA:20,1,1,0
BRF:4
BRH:0
end_of_record
TN:
SF:src\components\RecentTasksList.tsx
FN:17,(anonymous_1)
FN:21,(anonymous_2)
FN:38,(anonymous_3)
FN:56,(anonymous_4)
FN:73,(anonymous_5)
FN:87,(anonymous_6)
FN:112,(anonymous_7)
FN:115,(anonymous_8)
FNF:8
FNH:8
FNDA:8,(anonymous_1)
FNDA:21,(anonymous_2)
FNDA:21,(anonymous_3)
FNDA:21,(anonymous_4)
FNDA:21,(anonymous_5)
FNDA:14,(anonymous_6)
FNDA:21,(anonymous_7)
FNDA:1,(anonymous_8)
DA:1,1
DA:2,1
DA:17,1
DA:21,8
DA:22,21
DA:24,7
DA:26,7
DA:28,7
DA:30,0
DA:32,0
DA:34,0
DA:38,8
DA:39,21
DA:47,21
DA:56,8
DA:57,21
DA:64,21
DA:73,8
DA:74,21
DA:75,21
DA:76,21
DA:77,21
DA:79,21
DA:80,21
DA:81,0
DA:82,0
DA:83,0
DA:84,0
DA:87,8
DA:88,14
DA:89,14
DA:90,7
DA:91,7
DA:92,7
DA:95,8
DA:113,21
DA:115,1
DA:160,1
LF:38
LH:31
BRDA:22,0,0,7
BRDA:22,0,1,7
BRDA:22,0,2,7
BRDA:22,0,3,0
BRDA:22,0,4,0
BRDA:22,0,5,0
BRDA:79,1,0,0
BRDA:79,1,1,21
BRDA:80,2,0,21
BRDA:80,2,1,0
BRDA:82,3,0,0
BRDA:82,3,1,0
BRDA:88,4,0,0
BRDA:88,4,1,14
BRDA:89,5,0,7
BRDA:89,5,1,7
BRDA:107,6,0,1
BRDA:107,6,1,7
BRDA:130,7,0,21
BRDA:130,7,1,7
BRDA:136,8,0,21
BRDA:136,8,1,14
BRDA:149,9,0,8
BRDA:149,9,1,7
BRF:24
BRH:16
end_of_record
TN:
SF:src\context\AuthContext.tsx
FN:22,(anonymous_1)
FN:26,(anonymous_2)
FN:28,(anonymous_3)
FN:46,(anonymous_4)
FN:59,(anonymous_5)
FN:76,(anonymous_6)
FNF:6
FNH:0
FNDA:0,(anonymous_1)
FNDA:0,(anonymous_2)
FNDA:0,(anonymous_3)
FNDA:0,(anonymous_4)
FNDA:0,(anonymous_5)
FNDA:0,(anonymous_6)
DA:1,0
DA:10,0
DA:20,0
DA:22,0
DA:23,0
DA:24,0
DA:26,0
DA:28,0
DA:29,0
DA:30,0
DA:32,0
DA:33,0
DA:34,0
DA:36,0
DA:37,0
DA:38,0
DA:41,0
DA:43,0
DA:46,0
DA:47,0
DA:48,0
DA:50,0
DA:51,0
DA:52,0
DA:54,0
DA:55,0
DA:59,0
DA:60,0
DA:61,0
DA:62,0
DA:65,0
DA:73,0
DA:76,0
DA:77,0
DA:78,0
DA:79,0
DA:81,0
LF:37
LH:0
BRDA:32,0,0,0
BRDA:32,0,1,0
BRDA:32,1,0,0
BRDA:32,1,1,0
BRDA:78,2,0,0
BRDA:78,2,1,0
BRF:6
BRH:0
end_of_record
TN:
SF:src\hooks\useMetrics.ts
FN:25,(anonymous_1)
FN:38,(anonymous_2)
FN:63,(anonymous_3)
FN:79,(anonymous_4)
FN:118,(anonymous_5)
FN:126,(anonymous_6)
FN:129,(anonymous_7)
FN:147,(anonymous_8)
FN:151,(anonymous_9)
FN:157,(anonymous_10)
FN:162,(anonymous_11)
FN:165,(anonymous_12)
FNF:12
FNH:6
FNDA:16,(anonymous_1)
FNDA:5,(anonymous_2)
FNDA:0,(anonymous_3)
FNDA:0,(anonymous_4)
FNDA:0,(anonymous_5)
FNDA:0,(anonymous_6)
FNDA:0,(anonymous_7)
FNDA:0,(anonymous_8)
FNDA:13,(anonymous_9)
FNDA:4,(anonymous_10)
FNDA:8,(anonymous_11)
FNDA:8,(anonymous_12)
DA:1,1
DA:8,1
DA:9,1
DA:22,1
DA:23,1
DA:25,1
DA:26,16
DA:27,16
DA:28,16
DA:29,16
DA:30,16
DA:33,16
DA:34,16
DA:35,16
DA:38,16
DA:39,5
DA:40,5
DA:41,5
DA:44,5
DA:45,4
DA:47,4
DA:61,4
DA:62,4
DA:63,0
DA:77,4
DA:78,4
DA:79,0
DA:91,4
DA:92,4
DA:93,4
DA:95,4
DA:96,96
DA:97,96
DA:101,96
DA:107,4
DA:108,4
DA:110,1
DA:111,1
DA:113,5
DA:118,16
DA:119,0
DA:121,0
DA:123,0
DA:124,0
DA:125,0
DA:126,0
DA:127,0
DA:128,0
DA:129,0
DA:130,0
DA:131,0
DA:133,0
DA:134,0
DA:136,0
DA:138,0
DA:139,0
DA:144,16
DA:148,0
DA:149,0
DA:152,13
DA:157,16
DA:158,4
DA:162,16
DA:163,8
DA:164,8
DA:165,8
DA:169,16
LF:67
LH:47
BRDA:48,0,0,4
BRDA:48,0,1,2
BRDA:49,1,0,4
BRDA:49,1,1,2
BRDA:50,2,0,4
BRDA:50,2,1,2
BRDA:51,3,0,4
BRDA:51,3,1,2
BRDA:52,4,0,4
BRDA:52,4,1,2
BRDA:53,5,0,4
BRDA:53,5,1,2
BRDA:54,6,0,4
BRDA:54,6,1,2
BRDA:55,7,0,4
BRDA:55,7,1,2
BRDA:56,8,0,4
BRDA:56,8,1,2
BRDA:57,9,0,4
BRDA:57,9,1,2
BRDA:63,10,0,4
BRDA:63,10,1,0
BRDA:65,11,0,0
BRDA:65,11,1,0
BRDA:67,12,0,0
BRDA:67,12,1,0
BRDA:79,13,0,4
BRDA:79,13,1,0
BRDA:81,14,0,0
BRDA:81,14,1,0
BRDA:83,15,0,0
BRDA:83,15,1,0
BRDA:85,16,0,0
BRDA:85,16,1,0
BRDA:86,17,0,0
BRDA:86,17,1,0
BRDA:111,18,0,1
BRDA:111,18,1,0
BRDA:119,19,0,0
BRDA:119,19,1,0
BRDA:119,20,0,0
BRDA:119,20,1,0
BRDA:123,21,0,0
BRDA:123,21,1,0
BRDA:125,22,0,0
BRDA:125,22,1,0
BRDA:125,23,0,0
BRDA:125,23,1,0
BRDA:130,24,0,0
BRDA:130,24,1,0
BRDA:134,25,0,0
BRDA:134,25,1,0
BRDA:138,26,0,0
BRDA:138,26,1,0
BRDA:163,27,0,8
BRDA:163,27,1,0
BRDA:163,28,0,8
BRDA:163,28,1,0
BRF:58
BRH:25
end_of_record
TN:
SF:src\hooks\useWebSocket.ts
FN:21,(anonymous_0)
FN:36,(anonymous_1)
FN:46,(anonymous_2)
FN:53,(anonymous_3)
FN:63,(anonymous_4)
FN:68,(anonymous_5)
FN:80,(anonymous_6)
FN:100,(anonymous_7)
FN:111,(anonymous_8)
FN:119,(anonymous_9)
FN:124,(anonymous_10)
FN:127,(anonymous_11)
FNF:12
FNH:6
FNDA:16,(anonymous_0)
FNDA:13,(anonymous_1)
FNDA:0,(anonymous_2)
FNDA:0,(anonymous_3)
FNDA:0,(anonymous_4)
FNDA:13,(anonymous_5)
FNDA:0,(anonymous_6)
FNDA:13,(anonymous_7)
FNDA:0,(anonymous_8)
FNDA:0,(anonymous_9)
FNDA:13,(anonymous_10)
FNDA:13,(anonymous_11)
DA:1,1
DA:21,1
DA:30,16
DA:31,16
DA:32,16
DA:33,16
DA:34,16
DA:36,16
DA:37,13
DA:39,13
DA:40,0
DA:43,13
DA:44,13
DA:46,13
DA:47,0
DA:48,0
DA:49,0
DA:50,0
DA:53,13
DA:54,0
DA:55,0
DA:56,0
DA:57,0
DA:59,0
DA:63,13
DA:64,0
DA:65,0
DA:68,13
DA:69,13
DA:70,13
DA:71,13
DA:74,13
DA:75,0
DA:76,0
DA:79,0
DA:80,0
DA:84,13
DA:88,0
DA:100,16
DA:101,13
DA:102,0
DA:104,13
DA:105,13
DA:106,13
DA:107,13
DA:111,16
DA:112,0
DA:113,0
DA:115,0
DA:119,16
DA:120,0
DA:121,0
DA:124,16
DA:125,13
DA:127,13
DA:128,13
DA:132,16
LF:57
LH:34
BRDA:27,0,0,16
BRDA:28,1,0,16
BRDA:39,2,0,0
BRDA:39,2,1,13
BRDA:74,3,0,0
BRDA:74,3,1,13
BRDA:101,4,0,0
BRDA:101,4,1,13
BRDA:105,5,0,13
BRDA:105,5,1,0
BRDA:112,6,0,0
BRDA:112,6,1,0
BRF:12
BRH:6
end_of_record
TN:
SF:src\pages\CampaignDetailPage.tsx
FN:14,(anonymous_9)
FN:30,(anonymous_10)
FN:52,(anonymous_11)
FN:58,(anonymous_12)
FN:75,(anonymous_13)
FN:101,(anonymous_14)
FN:125,(anonymous_15)
FN:145,(anonymous_16)
FN:206,(anonymous_17)
FN:216,(anonymous_18)
FN:272,(anonymous_19)
FN:289,(anonymous_20)
FN:301,(anonymous_21)
FN:332,(anonymous_22)
FNF:14
FNH:0
FNDA:0,(anonymous_9)
FNDA:0,(anonymous_10)
FNDA:0,(anonymous_11)
FNDA:0,(anonymous_12)
FNDA:0,(anonymous_13)
FNDA:0,(anonymous_14)
FNDA:0,(anonymous_15)
FNDA:0,(anonymous_16)
FNDA:0,(anonymous_17)
FNDA:0,(anonymous_18)
FNDA:0,(anonymous_19)
FNDA:0,(anonymous_20)
FNDA:0,(anonymous_21)
FNDA:0,(anonymous_22)
DA:5,0
DA:6,0
DA:7,0
DA:14,0
DA:15,0
DA:16,0
DA:17,0
DA:18,0
DA:19,0
DA:20,0
DA:21,0
DA:22,0
DA:25,0
DA:26,0
DA:28,0
DA:30,0
DA:31,0
DA:32,0
DA:33,0
DA:34,0
DA:39,0
DA:40,0
DA:41,0
DA:42,0
DA:44,0
DA:48,0
DA:52,0
DA:53,0
DA:54,0
DA:58,0
DA:59,0
DA:60,0
DA:62,0
DA:63,0
DA:67,0
DA:68,0
DA:69,0
DA:71,0
DA:75,0
DA:76,0
DA:77,0
DA:78,0
DA:79,0
DA:81,0
DA:87,0
DA:88,0
DA:95,0
DA:96,0
DA:101,0
DA:111,0
DA:118,0
DA:125,0
DA:145,0
DA:206,0
DA:216,0
DA:272,0
DA:289,0
DA:301,0
DA:333,0
LF:59
LH:0
BRDA:28,0,0,0
BRDA:28,0,1,0
BRDA:31,1,0,0
BRDA:31,1,1,0
BRDA:45,2,0,0
BRDA:45,2,1,0
BRDA:53,3,0,0
BRDA:53,3,1,0
BRDA:60,4,0,0
BRDA:60,4,1,0
BRDA:60,5,0,0
BRDA:60,5,1,0
BRDA:71,6,0,0
BRDA:71,6,1,0
BRDA:76,7,0,0
BRDA:76,7,1,0
BRDA:82,8,0,0
BRDA:82,8,1,0
BRDA:87,9,0,0
BRDA:87,9,1,0
BRDA:95,10,0,0
BRDA:95,10,1,0
BRDA:111,11,0,0
BRDA:111,11,1,0
BRDA:112,12,0,0
BRDA:112,12,1,0
BRDA:136,13,0,0
BRDA:136,13,1,0
BRDA:154,14,0,0
BRDA:154,14,1,0
BRDA:171,15,0,0
BRDA:171,15,1,0
BRDA:177,16,0,0
BRDA:177,16,1,0
BRDA:183,17,0,0
BRDA:183,17,1,0
BRDA:198,18,0,0
BRDA:198,18,1,0
BRDA:199,19,0,0
BRDA:199,19,1,0
BRDA:208,20,0,0
BRDA:208,20,1,0
BRDA:218,21,0,0
BRDA:218,21,1,0
BRDA:228,22,0,0
BRDA:228,22,1,0
BRDA:265,23,0,0
BRDA:265,23,1,0
BRDA:280,24,0,0
BRDA:280,24,1,0
BRDA:311,25,0,0
BRDA:311,25,1,0
BRDA:341,26,0,0
BRDA:341,26,1,0
BRDA:343,27,0,0
BRDA:343,27,1,0
BRF:56
BRH:0
end_of_record
TN:
SF:src\pages\CampaignListPage.tsx
FN:10,(anonymous_9)
FN:17,(anonymous_10)
FN:21,(anonymous_11)
FN:48,(anonymous_12)
FN:55,(anonymous_13)
FN:66,(anonymous_14)
FN:77,(anonymous_15)
FN:86,(anonymous_16)
FN:126,(anonymous_17)
FN:151,(anonymous_18)
FN:180,(anonymous_19)
FN:203,(anonymous_20)
FN:239,(anonymous_21)
FN:247,(anonymous_22)
FN:254,(anonymous_23)
FN:262,(anonymous_24)
FNF:16
FNH:0
FNDA:0,(anonymous_9)
FNDA:0,(anonymous_10)
FNDA:0,(anonymous_11)
FNDA:0,(anonymous_12)
FNDA:0,(anonymous_13)
FNDA:0,(anonymous_14)
FNDA:0,(anonymous_15)
FNDA:0,(anonymous_16)
FNDA:0,(anonymous_17)
FNDA:0,(anonymous_18)
FNDA:0,(anonymous_19)
FNDA:0,(anonymous_20)
FNDA:0,(anonymous_21)
FNDA:0,(anonymous_22)
FNDA:0,(anonymous_23)
FNDA:0,(anonymous_24)
DA:5,0
DA:6,0
DA:7,0
DA:10,0
DA:11,0
DA:12,0
DA:13,0
DA:14,0
DA:15,0
DA:17,0
DA:18,0
DA:21,0
DA:22,0
DA:23,0
DA:24,0
DA:25,0
DA:28,0
DA:29,0
DA:30,0
DA:31,0
DA:32,0
DA:34,0
DA:37,0
DA:38,0
DA:40,0
DA:44,0
DA:48,0
DA:49,0
DA:50,0
DA:53,0
DA:54,0
DA:55,0
DA:56,0
DA:57,0
DA:58,0
DA:60,0
DA:66,0
DA:67,0
DA:68,0
DA:69,0
DA:71,0
DA:77,0
DA:78,0
DA:79,0
DA:80,0
DA:82,0
DA:86,0
DA:87,0
DA:89,0
DA:91,0
DA:93,0
DA:95,0
DA:97,0
DA:99,0
DA:101,0
DA:105,0
DA:106,0
DA:116,0
DA:126,0
DA:151,0
DA:181,0
DA:188,0
DA:196,0
DA:203,0
DA:239,0
DA:247,0
DA:255,0
DA:262,0
LF:68
LH:0
BRDA:41,0,0,0
BRDA:41,0,1,0
BRDA:49,1,0,0
BRDA:49,1,1,0
BRDA:61,2,0,0
BRDA:61,2,1,0
BRDA:72,3,0,0
BRDA:72,3,1,0
BRDA:82,4,0,0
BRDA:82,4,1,0
BRDA:87,5,0,0
BRDA:87,5,1,0
BRDA:87,5,2,0
BRDA:87,5,3,0
BRDA:87,5,4,0
BRDA:87,5,5,0
BRDA:87,5,6,0
BRDA:105,6,0,0
BRDA:105,6,1,0
BRDA:134,7,0,0
BRDA:134,7,1,0
BRDA:141,8,0,0
BRDA:141,8,1,0
BRDA:181,9,0,0
BRDA:181,9,1,0
BRDA:188,10,0,0
BRDA:188,10,1,0
BRDA:237,11,0,0
BRDA:237,11,1,0
BRDA:245,12,0,0
BRDA:245,12,1,0
BRF:31
BRH:0
end_of_record
TN:
SF:src\pages\CreateCampaignPage.tsx
FN:10,(anonymous_9)
FN:23,(anonymous_10)
FN:27,(anonymous_11)
FN:32,(anonymous_12)
FN:47,(anonymous_13)
FN:53,(anonymous_14)
FN:56,(anonymous_15)
FN:82,(anonymous_16)
FN:106,(anonymous_17)
FN:176,(anonymous_18)
FN:189,(anonymous_19)
FN:228,(anonymous_20)
FNF:12
FNH:0
FNDA:0,(anonymous_9)
FNDA:0,(anonymous_10)
FNDA:0,(anonymous_11)
FNDA:0,(anonymous_12)
FNDA:0,(anonymous_13)
FNDA:0,(anonymous_14)
FNDA:0,(anonymous_15)
FNDA:0,(anonymous_16)
FNDA:0,(anonymous_17)
FNDA:0,(anonymous_18)
FNDA:0,(anonymous_19)
FNDA:0,(anonymous_20)
DA:5,0
DA:6,0
DA:7,0
DA:10,0
DA:11,0
DA:12,0
DA:18,0
DA:19,0
DA:20,0
DA:21,0
DA:23,0
DA:24,0
DA:27,0
DA:28,0
DA:29,0
DA:30,0
DA:31,0
DA:32,0
DA:37,0
DA:39,0
DA:43,0
DA:47,0
DA:52,0
DA:53,0
DA:56,0
DA:57,0
DA:58,0
DA:60,0
DA:61,0
DA:62,0
DA:65,0
DA:66,0
DA:67,0
DA:70,0
DA:71,0
DA:78,0
DA:79,0
DA:82,0
DA:83,0
DA:86,0
DA:92,0
DA:93,0
DA:100,0
DA:106,0
DA:176,0
DA:190,0
DA:228,0
LF:47
LH:0
BRDA:31,0,0,0
BRDA:31,0,1,0
BRDA:40,1,0,0
BRDA:40,1,1,0
BRDA:60,2,0,0
BRDA:60,2,1,0
BRDA:65,3,0,0
BRDA:65,3,1,0
BRDA:87,4,0,0
BRDA:87,4,1,0
BRDA:92,5,0,0
BRDA:92,5,1,0
BRDA:116,6,0,0
BRDA:116,6,1,0
BRDA:123,7,0,0
BRDA:123,7,1,0
BRDA:169,8,0,0
BRDA:169,8,1,0
BRF:18
BRH:0
end_of_record
TN:
SF:src\pages\CreateTemplatePage.tsx
FN:14,(anonymous_9)
FN:34,(anonymous_10)
FN:40,(anonymous_11)
FN:57,(anonymous_12)
FN:61,(anonymous_13)
FN:64,(anonymous_14)
FN:92,(anonymous_15)
FN:128,(anonymous_16)
FN:154,(anonymous_17)
FN:260,(anonymous_18)
FNF:10
FNH:0
FNDA:0,(anonymous_9)
FNDA:0,(anonymous_10)
FNDA:0,(anonymous_11)
FNDA:0,(anonymous_12)
FNDA:0,(anonymous_13)
FNDA:0,(anonymous_14)
FNDA:0,(anonymous_15)
FNDA:0,(anonymous_16)
FNDA:0,(anonymous_17)
FNDA:0,(anonymous_18)
DA:5,0
DA:6,0
DA:7,0
DA:14,0
DA:15,0
DA:16,0
DA:17,0
DA:19,0
DA:24,0
DA:25,0
DA:26,0
DA:27,0
DA:28,0
DA:32,0
DA:34,0
DA:35,0
DA:36,0
DA:40,0
DA:41,0
DA:42,0
DA:43,0
DA:44,0
DA:49,0
DA:51,0
DA:53,0
DA:57,0
DA:60,0
DA:61,0
DA:64,0
DA:65,0
DA:66,0
DA:67,0
DA:70,0
DA:71,0
DA:72,0
DA:76,0
DA:79,0
DA:84,0
DA:86,0
DA:92,0
DA:93,0
DA:94,0
DA:96,0
DA:97,0
DA:98,0
DA:101,0
DA:102,0
DA:103,0
DA:106,0
DA:107,0
DA:108,0
DA:111,0
DA:112,0
DA:113,0
DA:118,0
DA:120,0
DA:125,0
DA:127,0
DA:128,0
DA:129,0
DA:132,0
DA:140,0
DA:141,0
DA:148,0
DA:154,0
DA:260,0
LF:66
LH:0
BRDA:35,0,0,0
BRDA:35,0,1,0
BRDA:35,1,0,0
BRDA:35,1,1,0
BRDA:51,2,0,0
BRDA:51,2,1,0
BRDA:65,3,0,0
BRDA:65,3,1,0
BRDA:65,4,0,0
BRDA:65,4,1,0
BRDA:71,5,0,0
BRDA:71,5,1,0
BRDA:71,6,0,0
BRDA:71,6,1,0
BRDA:87,7,0,0
BRDA:87,7,1,0
BRDA:96,8,0,0
BRDA:96,8,1,0
BRDA:101,9,0,0
BRDA:101,9,1,0
BRDA:106,10,0,0
BRDA:106,10,1,0
BRDA:112,11,0,0
BRDA:112,11,1,0
BRDA:112,12,0,0
BRDA:112,12,1,0
BRDA:133,13,0,0
BRDA:133,13,1,0
BRDA:135,14,0,0
BRDA:135,14,1,0
BRDA:140,15,0,0
BRDA:140,15,1,0
BRDA:160,16,0,0
BRDA:160,16,1,0
BRDA:163,17,0,0
BRDA:163,17,1,0
BRDA:170,18,0,0
BRDA:170,18,1,0
BRDA:177,19,0,0
BRDA:177,19,1,0
BRDA:180,20,0,0
BRDA:180,20,1,0
BRDA:256,21,0,0
BRDA:256,21,1,0
BRDA:276,22,0,0
BRDA:276,22,1,0
BRDA:276,22,2,0
BRDA:313,23,0,0
BRDA:313,23,1,0
BRDA:313,23,2,0
BRF:50
BRH:0
end_of_record
TN:
SF:src\pages\DashboardPage.tsx
FN:8,(anonymous_1)
FN:97,(anonymous_2)
FN:102,(anonymous_3)
FN:152,(anonymous_4)
FNF:4
FNH:0
FNDA:0,(anonymous_1)
FNDA:0,(anonymous_2)
FNDA:0,(anonymous_3)
FNDA:0,(anonymous_4)
DA:1,0
DA:2,0
DA:3,0
DA:4,0
DA:5,0
DA:6,0
DA:8,0
DA:18,0
DA:20,0
DA:21,0
DA:31,0
DA:32,0
DA:53,0
DA:97,0
DA:103,0
DA:152,0
DA:158,0
LF:17
LH:0
BRDA:20,0,0,0
BRDA:20,0,1,0
BRDA:20,1,0,0
BRDA:20,1,1,0
BRDA:31,2,0,0
BRDA:31,2,1,0
BRDA:31,3,0,0
BRDA:31,3,1,0
BRDA:68,4,0,0
BRDA:68,4,1,0
BRDA:74,5,0,0
BRDA:74,5,1,0
BRDA:106,6,0,0
BRDA:106,6,1,0
BRDA:108,7,0,0
BRDA:108,7,1,0
BRDA:120,8,0,0
BRDA:120,8,1,0
BRDA:122,9,0,0
BRDA:122,9,1,0
BRDA:136,10,0,0
BRDA:136,10,1,0
BRF:22
BRH:0
end_of_record
TN:
SF:src\pages\LoginPage.tsx
FN:5,(anonymous_0)
FN:14,(anonymous_1)
FN:185,(anonymous_2)
FN:204,(anonymous_3)
FNF:4
FNH:0
FNDA:0,(anonymous_0)
FNDA:0,(anonymous_1)
FNDA:0,(anonymous_2)
FNDA:0,(anonymous_3)
DA:1,0
DA:2,0
DA:3,0
DA:5,0
DA:6,0
DA:7,0
DA:8,0
DA:9,0
DA:11,0
DA:12,0
DA:14,0
DA:15,0
DA:16,0
DA:17,0
DA:19,0
DA:20,0
DA:21,0
DA:23,0
DA:24,0
DA:29,0
DA:33,0
DA:185,0
DA:204,0
DA:281,0
LF:24
LH:0
BRDA:25,0,0,0
BRDA:25,0,1,0
BRDA:165,1,0,0
BRDA:165,1,1,0
BRDA:217,2,0,0
BRDA:217,2,1,0
BRF:6
BRH:0
end_of_record
TN:
SF:src\pages\TasksPage.tsx
FN:16,(anonymous_10)
FN:25,(anonymous_11)
FN:29,(anonymous_12)
FN:50,(anonymous_13)
FN:55,(anonymous_14)
FN:71,(anonymous_15)
FN:87,(anonymous_16)
FN:126,(anonymous_17)
FN:127,(anonymous_18)
FN:144,(anonymous_19)
FN:161,(anonymous_20)
FN:218,(anonymous_21)
FN:257,(anonymous_22)
FN:264,(anonymous_23)
FNF:14
FNH:0
FNDA:0,(anonymous_10)
FNDA:0,(anonymous_11)
FNDA:0,(anonymous_12)
FNDA:0,(anonymous_13)
FNDA:0,(anonymous_14)
FNDA:0,(anonymous_15)
FNDA:0,(anonymous_16)
FNDA:0,(anonymous_17)
FNDA:0,(anonymous_18)
FNDA:0,(anonymous_19)
FNDA:0,(anonymous_20)
FNDA:0,(anonymous_21)
FNDA:0,(anonymous_22)
FNDA:0,(anonymous_23)
DA:1,0
DA:2,0
DA:3,0
DA:16,0
DA:17,0
DA:18,0
DA:19,0
DA:20,0
DA:21,0
DA:22,0
DA:23,0
DA:25,0
DA:26,0
DA:29,0
DA:30,0
DA:31,0
DA:32,0
DA:36,0
DA:37,0
DA:38,0
DA:40,0
DA:41,0
DA:42,0
DA:44,0
DA:46,0
DA:50,0
DA:51,0
DA:52,0
DA:55,0
DA:56,0
DA:62,0
DA:71,0
DA:72,0
DA:78,0
DA:87,0
DA:88,0
DA:91,0
DA:126,0
DA:127,0
DA:144,0
DA:161,0
DA:219,0
DA:257,0
DA:264,0
DA:279,0
LF:45
LH:0
BRDA:36,0,0,0
BRDA:36,0,1,0
BRDA:37,1,0,0
BRDA:37,1,1,0
BRDA:38,2,0,0
BRDA:38,2,1,0
BRDA:41,3,0,0
BRDA:41,3,1,0
BRDA:42,4,0,0
BRDA:42,4,1,0
BRDA:105,5,0,0
BRDA:105,5,1,0
BRDA:127,6,0,0
BRDA:127,6,1,0
BRDA:204,7,0,0
BRDA:204,7,1,0
BRDA:211,8,0,0
BRDA:211,8,1,0
BRDA:231,9,0,0
BRDA:231,9,1,0
BRDA:249,10,0,0
BRDA:249,10,1,0
BRF:22
BRH:0
end_of_record
TN:
SF:src\pages\TemplateListPage.tsx
FN:10,(anonymous_9)
FN:16,(anonymous_10)
FN:20,(anonymous_11)
FN:34,(anonymous_12)
FN:41,(anonymous_13)
FN:69,(anonymous_14)
FN:94,(anonymous_15)
FN:102,(anonymous_16)
FN:127,(anonymous_17)
FN:148,(anonymous_18)
FN:154,(anonymous_19)
FNF:11
FNH:0
FNDA:0,(anonymous_9)
FNDA:0,(anonymous_10)
FNDA:0,(anonymous_11)
FNDA:0,(anonymous_12)
FNDA:0,(anonymous_13)
FNDA:0,(anonymous_14)
FNDA:0,(anonymous_15)
FNDA:0,(anonymous_16)
FNDA:0,(anonymous_17)
FNDA:0,(anonymous_18)
FNDA:0,(anonymous_19)
DA:5,0
DA:6,0
DA:7,0
DA:10,0
DA:11,0
DA:12,0
DA:13,0
DA:14,0
DA:16,0
DA:17,0
DA:20,0
DA:21,0
DA:22,0
DA:23,0
DA:24,0
DA:26,0
DA:30,0
DA:34,0
DA:35,0
DA:36,0
DA:39,0
DA:40,0
DA:41,0
DA:43,0
DA:49,0
DA:50,0
DA:57,0
DA:69,0
DA:94,0
DA:103,0
DA:128,0
DA:148,0
DA:154,0
LF:33
LH:0
BRDA:27,0,0,0
BRDA:27,0,1,0
BRDA:35,1,0,0
BRDA:35,1,1,0
BRDA:44,2,0,0
BRDA:44,2,1,0
BRDA:49,3,0,0
BRDA:49,3,1,0
BRDA:77,4,0,0
BRDA:77,4,1,0
BRDA:84,5,0,0
BRDA:84,5,1,0
BRDA:121,6,0,0
BRDA:121,6,1,0
BRF:14
BRH:0
end_of_record
TN:
SF:src\services\api.ts
FN:9,(anonymous_1)
FN:19,(anonymous_2)
FN:26,(anonymous_3)
FN:31,(anonymous_4)
FN:32,(anonymous_5)
FN:45,(anonymous_6)
FN:58,(anonymous_7)
FN:64,(anonymous_8)
FN:69,(anonymous_9)
FN:74,(anonymous_10)
FN:80,(anonymous_11)
FN:85,(anonymous_12)
FN:90,(anonymous_13)
FN:95,(anonymous_14)
FN:100,(anonymous_15)
FN:106,(anonymous_16)
FN:111,(anonymous_17)
FN:116,(anonymous_18)
FN:123,(anonymous_19)
FN:145,(anonymous_20)
FN:177,(anonymous_21)
FNF:21
FNH:0
FNDA:0,(anonymous_1)
FNDA:0,(anonymous_2)
FNDA:0,(anonymous_3)
FNDA:0,(anonymous_4)
FNDA:0,(anonymous_5)
FNDA:0,(anonymous_6)
FNDA:0,(anonymous_7)
FNDA:0,(anonymous_8)
FNDA:0,(anonymous_9)
FNDA:0,(anonymous_10)
FNDA:0,(anonymous_11)
FNDA:0,(anonymous_12)
FNDA:0,(anonymous_13)
FNDA:0,(anonymous_14)
FNDA:0,(anonymous_15)
FNDA:0,(anonymous_16)
FNDA:0,(anonymous_17)
FNDA:0,(anonymous_18)
FNDA:0,(anonymous_19)
FNDA:0,(anonymous_20)
FNDA:0,(anonymous_21)
DA:1,0
DA:4,0
DA:10,0
DA:18,0
DA:20,0
DA:21,0
DA:22,0
DA:24,0
DA:26,0
DA:30,0
DA:31,0
DA:33,0
DA:35,0
DA:36,0
DA:37,0
DA:39,0
DA:46,0
DA:47,0
DA:48,0
DA:50,0
DA:55,0
DA:59,0
DA:60,0
DA:65,0
DA:66,0
DA:70,0
DA:71,0
DA:75,0
DA:76,0
DA:81,0
DA:82,0
DA:86,0
DA:87,0
DA:91,0
DA:92,0
DA:96,0
DA:97,0
DA:101,0
DA:102,0
DA:107,0
DA:108,0
DA:112,0
DA:113,0
DA:117,0
DA:118,0
DA:122,0
DA:124,0
DA:125,0
DA:126,0
DA:129,0
DA:146,0
DA:147,0
DA:153,0
DA:156,0
DA:157,0
DA:158,0
DA:174,0
DA:178,0
DA:179,0
DA:180,0
DA:183,0
DA:184,0
DA:185,0
DA:195,0
DA:201,0
DA:202,0
LF:66
LH:0
BRDA:4,0,0,0
BRDA:4,0,1,0
BRDA:21,1,0,0
BRDA:21,1,1,0
BRDA:21,2,0,0
BRDA:21,2,1,0
BRDA:33,3,0,0
BRDA:33,3,1,0
BRDA:145,4,0,0
BRDA:188,5,0,0
BRDA:188,5,1,0
BRF:11
BRH:0
end_of_record
TN:
SF:src\services\campaignAPI.ts
FN:30,(anonymous_1)
FN:41,(anonymous_2)
FN:51,(anonymous_3)
FN:56,(anonymous_4)
FN:61,(anonymous_5)
FN:66,(anonymous_6)
FN:71,(anonymous_7)
FN:76,(anonymous_8)
FN:81,(anonymous_9)
FN:88,(anonymous_10)
FN:98,(anonymous_11)
FN:108,(anonymous_12)
FN:113,(anonymous_13)
FN:118,(anonymous_14)
FN:123,(anonymous_15)
FN:128,(anonymous_16)
FN:138,(anonymous_17)
FN:146,(anonymous_18)
FN:154,(anonymous_19)
FNF:19
FNH:0
FNDA:0,(anonymous_1)
FNDA:0,(anonymous_2)
FNDA:0,(anonymous_3)
FNDA:0,(anonymous_4)
FNDA:0,(anonymous_5)
FNDA:0,(anonymous_6)
FNDA:0,(anonymous_7)
FNDA:0,(anonymous_8)
FNDA:0,(anonymous_9)
FNDA:0,(anonymous_10)
FNDA:0,(anonymous_11)
FNDA:0,(anonymous_12)
FNDA:0,(anonymous_13)
FNDA:0,(anonymous_14)
FNDA:0,(anonymous_15)
FNDA:0,(anonymous_16)
FNDA:0,(anonymous_17)
FNDA:0,(anonymous_18)
FNDA:0,(anonymous_19)
DA:5,0
DA:20,0
DA:22,0
DA:30,0
DA:31,0
DA:32,0
DA:33,0
DA:35,0
DA:39,0
DA:42,0
DA:52,0
DA:57,0
DA:62,0
DA:67,0
DA:72,0
DA:77,0
DA:82,0
DA:89,0
DA:96,0
DA:99,0
DA:109,0
DA:114,0
DA:119,0
DA:124,0
DA:129,0
DA:136,0
DA:139,0
DA:147,0
DA:155,0
LF:29
LH:0
BRDA:20,0,0,0
BRDA:20,0,1,0
BRDA:32,1,0,0
BRDA:32,1,1,0
BRDA:32,2,0,0
BRDA:32,2,1,0
BRDA:41,3,0,0
BRDA:41,4,0,0
BRDA:77,5,0,0
BRDA:77,5,1,0
BRDA:98,6,0,0
BRDA:98,7,0,0
BRDA:138,8,0,0
BRDA:138,9,0,0
BRF:14
BRH:0
end_of_record
